<?xml version="1.0" encoding="UTF-8"?>
<testng-results total="3" passed="3" failed="0" skipped="0">
  <reporter-output>
  </reporter-output>
  <suite started-at="2025-03-07T09:45:10Z" name="Page Object test example" finished-at="2025-03-07T09:45:41Z" duration-ms="31090">
    <groups>
    </groups>
    <test started-at="2025-03-07T09:45:10Z" name="test-1" finished-at="2025-03-07T09:45:41Z" duration-ms="31090">
      <class name="com.webOrders.test.WebOrders_Login">
        <test-method is-config="true" signature="SetUp(java.lang.String)[pri:0, instance:com.webOrders.test.WebOrders_Login@13bc8645]" started-at="2025-03-07T15:15:10Z" name="SetUp" finished-at="2025-03-07T15:15:10Z" duration-ms="259" status="PASS">
          <params>
            <param index="0">
              <value>
                <![CDATA[chrome]]>
              </value>
            </param>
          </params>
          <reporter-output>
          </reporter-output>
        </test-method> <!-- SetUp -->
        <test-method is-config="true" signature="initializeTestBaseSetup(java.lang.String, java.lang.String)[pri:0, instance:com.webOrders.test.WebOrders_Login@13bc8645]" started-at="2025-03-07T15:15:10Z" name="initializeTestBaseSetup" finished-at="2025-03-07T15:15:14Z" duration-ms="3330" status="PASS">
          <params>
            <param index="0">
              <value>
                <![CDATA[chrome]]>
              </value>
            </param>
            <param index="1">
              <value>
                <![CDATA[http://secure.smartbearsoftware.com/samples/TestComplete11/WebOrders/Login.aspx?ReturnUrl=%2fsamples%2fTestComplete11%2fWebOrders%2fDefault.aspx]]>
              </value>
            </param>
          </params>
          <reporter-output>
          </reporter-output>
        </test-method> <!-- initializeTestBaseSetup -->
        <test-method is-config="true" signature="setUp()[pri:0, instance:com.webOrders.test.WebOrders_Login@13bc8645]" started-at="2025-03-07T15:15:14Z" name="setUp" finished-at="2025-03-07T15:15:14Z" duration-ms="22" status="PASS">
          <reporter-output>
          </reporter-output>
        </test-method> <!-- setUp -->
        <test-method signature="loginTest()[pri:0, instance:com.webOrders.test.WebOrders_Login@13bc8645]" started-at="2025-03-07T15:15:14Z" name="loginTest" description="Login and validate the WebOrder Homepage Text" finished-at="2025-03-07T15:15:23Z" duration-ms="8997" status="PASS">
          <reporter-output>
          </reporter-output>
        </test-method> <!-- loginTest -->
        <test-method is-config="true" signature="takeScreenshot(org.testng.ITestResult)[pri:0, instance:com.webOrders.test.WebOrders_Login@13bc8645]" started-at="2025-03-07T15:15:23Z" name="takeScreenshot" finished-at="2025-03-07T15:15:23Z" duration-ms="10" status="PASS">
          <params>
            <param index="0">
              <value>
                <![CDATA[[TestResult name=loginTest status=SUCCESS method=WebOrders_Login.loginTest()[pri:0, instance:com.webOrders.test.WebOrders_Login@13bc8645] output={null}]]]>
              </value>
            </param>
          </params>
          <reporter-output>
          </reporter-output>
        </test-method> <!-- takeScreenshot -->
        <test-method signature="urlTest()[pri:0, instance:com.webOrders.test.WebOrders_Login@13bc8645]" started-at="2025-03-07T15:15:23Z" name="urlTest" description="validateURL() method call for URL verification" finished-at="2025-03-07T15:15:31Z" duration-ms="8216" status="PASS">
          <reporter-output>
          </reporter-output>
        </test-method> <!-- urlTest -->
        <test-method is-config="true" signature="takeScreenshot(org.testng.ITestResult)[pri:0, instance:com.webOrders.test.WebOrders_Login@13bc8645]" started-at="2025-03-07T15:15:31Z" name="takeScreenshot" finished-at="2025-03-07T15:15:31Z" duration-ms="0" status="PASS">
          <params>
            <param index="0">
              <value>
                <![CDATA[[TestResult name=urlTest status=SUCCESS method=WebOrders_Login.urlTest()[pri:0, instance:com.webOrders.test.WebOrders_Login@13bc8645] output={null}]]]>
              </value>
            </param>
          </params>
          <reporter-output>
          </reporter-output>
        </test-method> <!-- takeScreenshot -->
        <test-method signature="verifyText()[pri:0, instance:com.webOrders.test.WebOrders_Login@13bc8645]" started-at="2025-03-07T15:15:31Z" name="verifyText" description="validateURL() method call for URL verification" finished-at="2025-03-07T15:15:40Z" duration-ms="8550" status="PASS">
          <reporter-output>
          </reporter-output>
        </test-method> <!-- verifyText -->
        <test-method is-config="true" signature="takeScreenshot(org.testng.ITestResult)[pri:0, instance:com.webOrders.test.WebOrders_Login@13bc8645]" started-at="2025-03-07T15:15:40Z" name="takeScreenshot" finished-at="2025-03-07T15:15:40Z" duration-ms="0" status="PASS">
          <params>
            <param index="0">
              <value>
                <![CDATA[[TestResult name=verifyText status=SUCCESS method=WebOrders_Login.verifyText()[pri:0, instance:com.webOrders.test.WebOrders_Login@13bc8645] output={null}]]]>
              </value>
            </param>
          </params>
          <reporter-output>
          </reporter-output>
        </test-method> <!-- takeScreenshot -->
        <test-method is-config="true" signature="tearDown()[pri:0, instance:com.webOrders.test.WebOrders_Login@13bc8645]" started-at="2025-03-07T15:15:40Z" name="tearDown" finished-at="2025-03-07T15:15:41Z" duration-ms="1698" status="PASS">
          <reporter-output>
          </reporter-output>
        </test-method> <!-- tearDown -->
      </class> <!-- com.webOrders.test.WebOrders_Login -->
    </test> <!-- test-1 -->
  </suite> <!-- Page Object test example -->
</testng-results>
