<?xml version="1.0" encoding="UTF-8"?>
<testng-results total="3" passed="3" failed="0" skipped="0">
  <reporter-output>
  </reporter-output>
  <suite started-at="2025-08-22T10:41:16Z" name="Page Object test example" finished-at="2025-08-22T10:41:51Z" duration-ms="34640">
    <groups>
    </groups>
    <test started-at="2025-08-22T10:41:16Z" name="test-1" finished-at="2025-08-22T10:41:51Z" duration-ms="34640">
      <class name="com.webOrders.test.WebOrders_Login">
        <test-method is-config="true" signature="SetUp(java.lang.String)[pri:0, instance:com.webOrders.test.WebOrders_Login@611889f4]" started-at="2025-08-22T16:11:16Z" name="SetUp" finished-at="2025-08-22T16:11:16Z" duration-ms="270" status="PASS">
          <params>
            <param index="0">
              <value>
                <![CDATA[chrome]]>
              </value>
            </param>
          </params>
          <reporter-output>
          </reporter-output>
        </test-method> <!-- SetUp -->
        <test-method is-config="true" signature="initializeTestBaseSetup(java.lang.String, java.lang.String)[pri:0, instance:com.webOrders.test.WebOrders_Login@611889f4]" started-at="2025-08-22T16:11:16Z" name="initializeTestBaseSetup" finished-at="2025-08-22T16:11:25Z" duration-ms="8623" status="PASS">
          <params>
            <param index="0">
              <value>
                <![CDATA[chrome]]>
              </value>
            </param>
            <param index="1">
              <value>
                <![CDATA[http://secure.smartbearsoftware.com/samples/TestComplete11/WebOrders/Login.aspx?ReturnUrl=%2fsamples%2fTestComplete11%2fWebOrders%2fDefault.aspx]]>
              </value>
            </param>
          </params>
          <reporter-output>
          </reporter-output>
        </test-method> <!-- initializeTestBaseSetup -->
        <test-method is-config="true" signature="setUp()[pri:0, instance:com.webOrders.test.WebOrders_Login@611889f4]" started-at="2025-08-22T16:11:25Z" name="setUp" finished-at="2025-08-22T16:11:25Z" duration-ms="21" status="PASS">
          <reporter-output>
          </reporter-output>
        </test-method> <!-- setUp -->
        <test-method signature="loginTest()[pri:0, instance:com.webOrders.test.WebOrders_Login@611889f4]" started-at="2025-08-22T16:11:25Z" name="loginTest" description="Login and validate the WebOrder Homepage Text" finished-at="2025-08-22T16:11:34Z" duration-ms="9117" status="PASS">
          <reporter-output>
          </reporter-output>
        </test-method> <!-- loginTest -->
        <test-method is-config="true" signature="takeScreenshot(org.testng.ITestResult)[pri:0, instance:com.webOrders.test.WebOrders_Login@611889f4]" started-at="2025-08-22T16:11:34Z" name="takeScreenshot" finished-at="2025-08-22T16:11:34Z" duration-ms="9" status="PASS">
          <params>
            <param index="0">
              <value>
                <![CDATA[[TestResult name=loginTest status=SUCCESS method=WebOrders_Login.loginTest()[pri:0, instance:com.webOrders.test.WebOrders_Login@611889f4] output={null}]]]>
              </value>
            </param>
          </params>
          <reporter-output>
          </reporter-output>
        </test-method> <!-- takeScreenshot -->
        <test-method signature="urlTest()[pri:0, instance:com.webOrders.test.WebOrders_Login@611889f4]" started-at="2025-08-22T16:11:34Z" name="urlTest" description="validateURL() method call for URL verification" finished-at="2025-08-22T16:11:41Z" duration-ms="7449" status="PASS">
          <reporter-output>
          </reporter-output>
        </test-method> <!-- urlTest -->
        <test-method is-config="true" signature="takeScreenshot(org.testng.ITestResult)[pri:0, instance:com.webOrders.test.WebOrders_Login@611889f4]" started-at="2025-08-22T16:11:41Z" name="takeScreenshot" finished-at="2025-08-22T16:11:41Z" duration-ms="0" status="PASS">
          <params>
            <param index="0">
              <value>
                <![CDATA[[TestResult name=urlTest status=SUCCESS method=WebOrders_Login.urlTest()[pri:0, instance:com.webOrders.test.WebOrders_Login@611889f4] output={null}]]]>
              </value>
            </param>
          </params>
          <reporter-output>
          </reporter-output>
        </test-method> <!-- takeScreenshot -->
        <test-method signature="verifyText()[pri:0, instance:com.webOrders.test.WebOrders_Login@611889f4]" started-at="2025-08-22T16:11:41Z" name="verifyText" description="validateTitle() method call for Title verification" finished-at="2025-08-22T16:11:49Z" duration-ms="7598" status="PASS">
          <reporter-output>
          </reporter-output>
        </test-method> <!-- verifyText -->
        <test-method is-config="true" signature="takeScreenshot(org.testng.ITestResult)[pri:0, instance:com.webOrders.test.WebOrders_Login@611889f4]" started-at="2025-08-22T16:11:49Z" name="takeScreenshot" finished-at="2025-08-22T16:11:49Z" duration-ms="0" status="PASS">
          <params>
            <param index="0">
              <value>
                <![CDATA[[TestResult name=verifyText status=SUCCESS method=WebOrders_Login.verifyText()[pri:0, instance:com.webOrders.test.WebOrders_Login@611889f4] output={null}]]]>
              </value>
            </param>
          </params>
          <reporter-output>
          </reporter-output>
        </test-method> <!-- takeScreenshot -->
        <test-method is-config="true" signature="tearDown()[pri:0, instance:com.webOrders.test.WebOrders_Login@611889f4]" started-at="2025-08-22T16:11:49Z" name="tearDown" finished-at="2025-08-22T16:11:51Z" duration-ms="1542" status="PASS">
          <reporter-output>
          </reporter-output>
        </test-method> <!-- tearDown -->
      </class> <!-- com.webOrders.test.WebOrders_Login -->
    </test> <!-- test-1 -->
  </suite> <!-- Page Object test example -->
</testng-results>
