<?xml version="1.0" encoding="UTF-8"?>
<testng-results ignored="3" total="37" passed="34" failed="0" skipped="0">
  <reporter-output>
  </reporter-output>
  <suite started-at="2024-10-03T09:11:42 IST" name="WebOrder Page Object Model TestNGDemo" finished-at="2024-10-03T09:15:18 IST" duration-ms="215110">
    <groups>
    </groups>
    <test started-at="2024-10-03T09:11:42 IST" name="test-1" finished-at="2024-10-03T09:15:18 IST" duration-ms="215110">
      <class name="com.webOrders.test.WebOrder_Order_Test">
        <test-method is-config="true" signature="initializeTestBaseSetup(java.lang.String,java.lang.String)[pri:0, instance:com.webOrders.test.WebOrder_Order_Test@6af9fcb2]" started-at="2024-10-03T09:13:07 IST" name="initializeTestBaseSetup" finished-at="2024-10-03T09:13:09 IST" duration-ms="2445" status="PASS">
          <params>
            <param index="0">
              <value>
                <![CDATA[chrome]]>
              </value>
            </param>
            <param index="1">
              <value>
                <![CDATA[http://secure.smartbearsoftware.com/samples/TestComplete11/WebOrders/Login.aspx?ReturnUrl=%2fsamples%2fTestComplete11%2fWebOrders%2fDefault.aspx]]>
              </value>
            </param>
          </params>
          <reporter-output>
          </reporter-output>
        </test-method> <!-- initializeTestBaseSetup -->
        <test-method is-config="true" signature="setUp()[pri:0, instance:com.webOrders.test.WebOrder_Order_Test@6af9fcb2]" started-at="2024-10-03T09:13:09 IST" name="setUp" finished-at="2024-10-03T09:13:09 IST" duration-ms="1" status="PASS">
          <reporter-output>
          </reporter-output>
        </test-method> <!-- setUp -->
        <test-method signature="createAndVerifyOrder(java.lang.String,java.lang.String,java.lang.String,java.lang.String,java.lang.String,java.lang.String,java.lang.String,java.lang.String,java.lang.String,java.lang.String,java.lang.String)[pri:2, instance:com.webOrders.test.WebOrder_Order_Test@6af9fcb2]" started-at="2024-10-03T09:13:11 IST" name="createAndVerifyOrder" description="create and verify new Orders" data-provider="OrdersExcelData" finished-at="2024-10-03T09:13:20 IST" duration-ms="9617" status="PASS">
          <params>
            <param index="0">
              <value>
                <![CDATA[MyMoney]]>
              </value>
            </param>
            <param index="1">
              <value>
                <![CDATA[1]]>
              </value>
            </param>
            <param index="2">
              <value>
                <![CDATA[Vineet]]>
              </value>
            </param>
            <param index="3">
              <value>
                <![CDATA[123 main St]]>
              </value>
            </param>
            <param index="4">
              <value>
                <![CDATA[Dallas]]>
              </value>
            </param>
            <param index="5">
              <value>
                <![CDATA[ABC]]>
              </value>
            </param>
            <param index="6">
              <value>
                <![CDATA[10101]]>
              </value>
            </param>
            <param index="7">
              <value>
                <![CDATA[Visa]]>
              </value>
            </param>
            <param index="8">
              <value>
                <![CDATA[231232]]>
              </value>
            </param>
            <param index="9">
              <value>
                <![CDATA[12/29]]>
              </value>
            </param>
            <param index="10">
              <value>
                <![CDATA[success]]>
              </value>
            </param>
          </params>
          <reporter-output>
          </reporter-output>
        </test-method> <!-- createAndVerifyOrder -->
        <test-method is-config="true" signature="takeScreenshot(org.testng.ITestResult)[pri:0, instance:com.webOrders.test.WebOrder_Order_Test@6af9fcb2]" started-at="2024-10-03T09:13:20 IST" name="takeScreenshot" finished-at="2024-10-03T09:13:20 IST" duration-ms="1" status="PASS">
          <params>
            <param index="0">
              <value>
                <![CDATA[[TestResult name=createAndVerifyOrder status=SUCCESS method=WebOrder_Order_Test.createAndVerifyOrder(java.lang.String,java.lang.String,java.lang.String,java.lang.String,java.lang.String,java.lang.String,java.lang.String,java.lang.String,java.lang.String,java.lang.String,java.lang.String)[pri:2, instance:com.webOrders.test.WebOrder_Order_Test@6af9fcb2] output={null}]]]>
              </value>
            </param>
          </params>
          <reporter-output>
          </reporter-output>
        </test-method> <!-- takeScreenshot -->
        <test-method signature="createAndVerifyOrder(java.lang.String,java.lang.String,java.lang.String,java.lang.String,java.lang.String,java.lang.String,java.lang.String,java.lang.String,java.lang.String,java.lang.String,java.lang.String)[pri:2, instance:com.webOrders.test.WebOrder_Order_Test@6af9fcb2]" started-at="2024-10-03T09:13:20 IST" name="createAndVerifyOrder" description="create and verify new Orders" data-provider="OrdersExcelData" finished-at="2024-10-03T09:13:28 IST" duration-ms="7363" status="PASS">
          <params>
            <param index="0">
              <value>
                <![CDATA[ScreenSaver]]>
              </value>
            </param>
            <param index="1">
              <value>
                <![CDATA[34]]>
              </value>
            </param>
            <param index="2">
              <value>
                <![CDATA[Vineet2]]>
              </value>
            </param>
            <param index="3">
              <value>
                <![CDATA[123 main St]]>
              </value>
            </param>
            <param index="4">
              <value>
                <![CDATA[NY City]]>
              </value>
            </param>
            <param index="5">
              <value>
                <![CDATA[ABC]]>
              </value>
            </param>
            <param index="6">
              <value>
                <![CDATA[90909]]>
              </value>
            </param>
            <param index="7">
              <value>
                <![CDATA[Visa]]>
              </value>
            </param>
            <param index="8">
              <value>
                <![CDATA[231232]]>
              </value>
            </param>
            <param index="9">
              <value>
                <![CDATA[12/29]]>
              </value>
            </param>
            <param index="10">
              <value>
                <![CDATA[success]]>
              </value>
            </param>
          </params>
          <reporter-output>
          </reporter-output>
        </test-method> <!-- createAndVerifyOrder -->
        <test-method is-config="true" signature="takeScreenshot(org.testng.ITestResult)[pri:0, instance:com.webOrders.test.WebOrder_Order_Test@6af9fcb2]" started-at="2024-10-03T09:13:28 IST" name="takeScreenshot" finished-at="2024-10-03T09:13:28 IST" duration-ms="0" status="PASS">
          <params>
            <param index="0">
              <value>
                <![CDATA[[TestResult name=createAndVerifyOrder status=SUCCESS method=WebOrder_Order_Test.createAndVerifyOrder(java.lang.String,java.lang.String,java.lang.String,java.lang.String,java.lang.String,java.lang.String,java.lang.String,java.lang.String,java.lang.String,java.lang.String,java.lang.String)[pri:2, instance:com.webOrders.test.WebOrder_Order_Test@6af9fcb2] output={null}]]]>
              </value>
            </param>
          </params>
          <reporter-output>
          </reporter-output>
        </test-method> <!-- takeScreenshot -->
        <test-method signature="createAndVerifyOrder(java.lang.String,java.lang.String,java.lang.String,java.lang.String,java.lang.String,java.lang.String,java.lang.String,java.lang.String,java.lang.String,java.lang.String,java.lang.String)[pri:2, instance:com.webOrders.test.WebOrder_Order_Test@6af9fcb2]" started-at="2024-10-03T09:13:28 IST" name="createAndVerifyOrder" description="create and verify new Orders" data-provider="OrdersExcelData" finished-at="2024-10-03T09:13:46 IST" duration-ms="18715" status="PASS">
          <params>
            <param index="0">
              <value>
                <![CDATA[MyMoney]]>
              </value>
            </param>
            <param index="1">
              <value>
                <![CDATA[]]>
              </value>
            </param>
            <param index="2">
              <value>
                <![CDATA[Vineet]]>
              </value>
            </param>
            <param index="3">
              <value>
                <![CDATA[123 main St]]>
              </value>
            </param>
            <param index="4">
              <value>
                <![CDATA[Dallas]]>
              </value>
            </param>
            <param index="5">
              <value>
                <![CDATA[ABC]]>
              </value>
            </param>
            <param index="6">
              <value>
                <![CDATA[10101]]>
              </value>
            </param>
            <param index="7">
              <value>
                <![CDATA[Visa]]>
              </value>
            </param>
            <param index="8">
              <value>
                <![CDATA[231232]]>
              </value>
            </param>
            <param index="9">
              <value>
                <![CDATA[12/29]]>
              </value>
            </param>
            <param index="10">
              <value>
                <![CDATA[empty_quantity]]>
              </value>
            </param>
          </params>
          <reporter-output>
          </reporter-output>
        </test-method> <!-- createAndVerifyOrder -->
        <test-method signature="createAndVerifyOrder(java.lang.String,java.lang.String,java.lang.String,java.lang.String,java.lang.String,java.lang.String,java.lang.String,java.lang.String,java.lang.String,java.lang.String,java.lang.String)[pri:2, instance:com.webOrders.test.WebOrder_Order_Test@6af9fcb2]" started-at="2024-10-03T09:13:47 IST" name="createAndVerifyOrder" description="create and verify new Orders" data-provider="OrdersExcelData" finished-at="2024-10-03T09:13:53 IST" duration-ms="6100" status="PASS">
          <params>
            <param index="0">
              <value>
                <![CDATA[ScreenSaver]]>
              </value>
            </param>
            <param index="1">
              <value>
                <![CDATA[0]]>
              </value>
            </param>
            <param index="2">
              <value>
                <![CDATA[Vineet2]]>
              </value>
            </param>
            <param index="3">
              <value>
                <![CDATA[123 main St]]>
              </value>
            </param>
            <param index="4">
              <value>
                <![CDATA[NY City]]>
              </value>
            </param>
            <param index="5">
              <value>
                <![CDATA[ABC]]>
              </value>
            </param>
            <param index="6">
              <value>
                <![CDATA[90909]]>
              </value>
            </param>
            <param index="7">
              <value>
                <![CDATA[Visa]]>
              </value>
            </param>
            <param index="8">
              <value>
                <![CDATA[231232]]>
              </value>
            </param>
            <param index="9">
              <value>
                <![CDATA[12/29]]>
              </value>
            </param>
            <param index="10">
              <value>
                <![CDATA[invalid_quantity]]>
              </value>
            </param>
          </params>
          <reporter-output>
          </reporter-output>
        </test-method> <!-- createAndVerifyOrder -->
        <test-method is-config="true" signature="takeScreenshot(org.testng.ITestResult)[pri:0, instance:com.webOrders.test.WebOrder_Order_Test@6af9fcb2]" started-at="2024-10-03T09:13:47 IST" name="takeScreenshot" finished-at="2024-10-03T09:13:47 IST" duration-ms="0" status="PASS">
          <params>
            <param index="0">
              <value>
                <![CDATA[[TestResult name=createAndVerifyOrder status=SUCCESS method=WebOrder_Order_Test.createAndVerifyOrder(java.lang.String,java.lang.String,java.lang.String,java.lang.String,java.lang.String,java.lang.String,java.lang.String,java.lang.String,java.lang.String,java.lang.String,java.lang.String)[pri:2, instance:com.webOrders.test.WebOrder_Order_Test@6af9fcb2] output={null}]]]>
              </value>
            </param>
          </params>
          <reporter-output>
          </reporter-output>
        </test-method> <!-- takeScreenshot -->
        <test-method is-config="true" signature="takeScreenshot(org.testng.ITestResult)[pri:0, instance:com.webOrders.test.WebOrder_Order_Test@6af9fcb2]" started-at="2024-10-03T09:13:53 IST" name="takeScreenshot" finished-at="2024-10-03T09:13:53 IST" duration-ms="0" status="PASS">
          <params>
            <param index="0">
              <value>
                <![CDATA[[TestResult name=createAndVerifyOrder status=SUCCESS method=WebOrder_Order_Test.createAndVerifyOrder(java.lang.String,java.lang.String,java.lang.String,java.lang.String,java.lang.String,java.lang.String,java.lang.String,java.lang.String,java.lang.String,java.lang.String,java.lang.String)[pri:2, instance:com.webOrders.test.WebOrder_Order_Test@6af9fcb2] output={null}]]]>
              </value>
            </param>
          </params>
          <reporter-output>
          </reporter-output>
        </test-method> <!-- takeScreenshot -->
        <test-method signature="createAndVerifyOrder(java.lang.String,java.lang.String,java.lang.String,java.lang.String,java.lang.String,java.lang.String,java.lang.String,java.lang.String,java.lang.String,java.lang.String,java.lang.String)[pri:2, instance:com.webOrders.test.WebOrder_Order_Test@6af9fcb2]" started-at="2024-10-03T09:13:53 IST" name="createAndVerifyOrder" description="create and verify new Orders" data-provider="OrdersExcelData" finished-at="2024-10-03T09:13:58 IST" duration-ms="5536" status="PASS">
          <params>
            <param index="0">
              <value>
                <![CDATA[MyMoney]]>
              </value>
            </param>
            <param index="1">
              <value>
                <![CDATA[1]]>
              </value>
            </param>
            <param index="2">
              <value>
                <![CDATA[ ]]>
              </value>
            </param>
            <param index="3">
              <value>
                <![CDATA[123 main St]]>
              </value>
            </param>
            <param index="4">
              <value>
                <![CDATA[Dallas]]>
              </value>
            </param>
            <param index="5">
              <value>
                <![CDATA[ABC]]>
              </value>
            </param>
            <param index="6">
              <value>
                <![CDATA[10101]]>
              </value>
            </param>
            <param index="7">
              <value>
                <![CDATA[Visa]]>
              </value>
            </param>
            <param index="8">
              <value>
                <![CDATA[231232]]>
              </value>
            </param>
            <param index="9">
              <value>
                <![CDATA[12/29]]>
              </value>
            </param>
            <param index="10">
              <value>
                <![CDATA[empty_name]]>
              </value>
            </param>
          </params>
          <reporter-output>
          </reporter-output>
        </test-method> <!-- createAndVerifyOrder -->
        <test-method is-config="true" signature="takeScreenshot(org.testng.ITestResult)[pri:0, instance:com.webOrders.test.WebOrder_Order_Test@6af9fcb2]" started-at="2024-10-03T09:13:58 IST" name="takeScreenshot" finished-at="2024-10-03T09:13:58 IST" duration-ms="0" status="PASS">
          <params>
            <param index="0">
              <value>
                <![CDATA[[TestResult name=createAndVerifyOrder status=SUCCESS method=WebOrder_Order_Test.createAndVerifyOrder(java.lang.String,java.lang.String,java.lang.String,java.lang.String,java.lang.String,java.lang.String,java.lang.String,java.lang.String,java.lang.String,java.lang.String,java.lang.String)[pri:2, instance:com.webOrders.test.WebOrder_Order_Test@6af9fcb2] output={null}]]]>
              </value>
            </param>
          </params>
          <reporter-output>
          </reporter-output>
        </test-method> <!-- takeScreenshot -->
        <test-method signature="createAndVerifyOrder(java.lang.String,java.lang.String,java.lang.String,java.lang.String,java.lang.String,java.lang.String,java.lang.String,java.lang.String,java.lang.String,java.lang.String,java.lang.String)[pri:2, instance:com.webOrders.test.WebOrder_Order_Test@6af9fcb2]" started-at="2024-10-03T09:13:58 IST" name="createAndVerifyOrder" description="create and verify new Orders" data-provider="OrdersExcelData" finished-at="2024-10-03T09:14:04 IST" duration-ms="5678" status="PASS">
          <params>
            <param index="0">
              <value>
                <![CDATA[MyMoney]]>
              </value>
            </param>
            <param index="1">
              <value>
                <![CDATA[1]]>
              </value>
            </param>
            <param index="2">
              <value>
                <![CDATA[Vineet]]>
              </value>
            </param>
            <param index="3">
              <value>
                <![CDATA[ ]]>
              </value>
            </param>
            <param index="4">
              <value>
                <![CDATA[Dallas]]>
              </value>
            </param>
            <param index="5">
              <value>
                <![CDATA[ABC]]>
              </value>
            </param>
            <param index="6">
              <value>
                <![CDATA[10101]]>
              </value>
            </param>
            <param index="7">
              <value>
                <![CDATA[Visa]]>
              </value>
            </param>
            <param index="8">
              <value>
                <![CDATA[231232]]>
              </value>
            </param>
            <param index="9">
              <value>
                <![CDATA[12/29]]>
              </value>
            </param>
            <param index="10">
              <value>
                <![CDATA[empty_street]]>
              </value>
            </param>
          </params>
          <reporter-output>
          </reporter-output>
        </test-method> <!-- createAndVerifyOrder -->
        <test-method is-config="true" signature="takeScreenshot(org.testng.ITestResult)[pri:0, instance:com.webOrders.test.WebOrder_Order_Test@6af9fcb2]" started-at="2024-10-03T09:14:04 IST" name="takeScreenshot" finished-at="2024-10-03T09:14:04 IST" duration-ms="1" status="PASS">
          <params>
            <param index="0">
              <value>
                <![CDATA[[TestResult name=createAndVerifyOrder status=SUCCESS method=WebOrder_Order_Test.createAndVerifyOrder(java.lang.String,java.lang.String,java.lang.String,java.lang.String,java.lang.String,java.lang.String,java.lang.String,java.lang.String,java.lang.String,java.lang.String,java.lang.String)[pri:2, instance:com.webOrders.test.WebOrder_Order_Test@6af9fcb2] output={null}]]]>
              </value>
            </param>
          </params>
          <reporter-output>
          </reporter-output>
        </test-method> <!-- takeScreenshot -->
        <test-method signature="createAndVerifyOrder(java.lang.String,java.lang.String,java.lang.String,java.lang.String,java.lang.String,java.lang.String,java.lang.String,java.lang.String,java.lang.String,java.lang.String,java.lang.String)[pri:2, instance:com.webOrders.test.WebOrder_Order_Test@6af9fcb2]" started-at="2024-10-03T09:14:04 IST" name="createAndVerifyOrder" description="create and verify new Orders" data-provider="OrdersExcelData" finished-at="2024-10-03T09:14:10 IST" duration-ms="5673" status="PASS">
          <params>
            <param index="0">
              <value>
                <![CDATA[ScreenSaver]]>
              </value>
            </param>
            <param index="1">
              <value>
                <![CDATA[34]]>
              </value>
            </param>
            <param index="2">
              <value>
                <![CDATA[Vineet2]]>
              </value>
            </param>
            <param index="3">
              <value>
                <![CDATA[123 main St]]>
              </value>
            </param>
            <param index="4">
              <value>
                <![CDATA[ ]]>
              </value>
            </param>
            <param index="5">
              <value>
                <![CDATA[ABC]]>
              </value>
            </param>
            <param index="6">
              <value>
                <![CDATA[90909]]>
              </value>
            </param>
            <param index="7">
              <value>
                <![CDATA[Visa]]>
              </value>
            </param>
            <param index="8">
              <value>
                <![CDATA[231232]]>
              </value>
            </param>
            <param index="9">
              <value>
                <![CDATA[12/29]]>
              </value>
            </param>
            <param index="10">
              <value>
                <![CDATA[empty_city]]>
              </value>
            </param>
          </params>
          <reporter-output>
          </reporter-output>
        </test-method> <!-- createAndVerifyOrder -->
        <test-method is-config="true" signature="takeScreenshot(org.testng.ITestResult)[pri:0, instance:com.webOrders.test.WebOrder_Order_Test@6af9fcb2]" started-at="2024-10-03T09:14:10 IST" name="takeScreenshot" finished-at="2024-10-03T09:14:10 IST" duration-ms="1" status="PASS">
          <params>
            <param index="0">
              <value>
                <![CDATA[[TestResult name=createAndVerifyOrder status=SUCCESS method=WebOrder_Order_Test.createAndVerifyOrder(java.lang.String,java.lang.String,java.lang.String,java.lang.String,java.lang.String,java.lang.String,java.lang.String,java.lang.String,java.lang.String,java.lang.String,java.lang.String)[pri:2, instance:com.webOrders.test.WebOrder_Order_Test@6af9fcb2] output={null}]]]>
              </value>
            </param>
          </params>
          <reporter-output>
          </reporter-output>
        </test-method> <!-- takeScreenshot -->
        <test-method signature="createAndVerifyOrder(java.lang.String,java.lang.String,java.lang.String,java.lang.String,java.lang.String,java.lang.String,java.lang.String,java.lang.String,java.lang.String,java.lang.String,java.lang.String)[pri:2, instance:com.webOrders.test.WebOrder_Order_Test@6af9fcb2]" started-at="2024-10-03T09:14:10 IST" name="createAndVerifyOrder" description="create and verify new Orders" data-provider="OrdersExcelData" finished-at="2024-10-03T09:14:16 IST" duration-ms="5575" status="PASS">
          <params>
            <param index="0">
              <value>
                <![CDATA[MyMoney]]>
              </value>
            </param>
            <param index="1">
              <value>
                <![CDATA[1]]>
              </value>
            </param>
            <param index="2">
              <value>
                <![CDATA[Vineet]]>
              </value>
            </param>
            <param index="3">
              <value>
                <![CDATA[123 main St]]>
              </value>
            </param>
            <param index="4">
              <value>
                <![CDATA[Dallas]]>
              </value>
            </param>
            <param index="5">
              <value>
                <![CDATA[ABC]]>
              </value>
            </param>
            <param index="6">
              <value>
                <![CDATA[ ]]>
              </value>
            </param>
            <param index="7">
              <value>
                <![CDATA[Visa]]>
              </value>
            </param>
            <param index="8">
              <value>
                <![CDATA[231232]]>
              </value>
            </param>
            <param index="9">
              <value>
                <![CDATA[12/29]]>
              </value>
            </param>
            <param index="10">
              <value>
                <![CDATA[empty_zip]]>
              </value>
            </param>
          </params>
          <reporter-output>
          </reporter-output>
        </test-method> <!-- createAndVerifyOrder -->
        <test-method is-config="true" signature="takeScreenshot(org.testng.ITestResult)[pri:0, instance:com.webOrders.test.WebOrder_Order_Test@6af9fcb2]" started-at="2024-10-03T09:14:16 IST" name="takeScreenshot" finished-at="2024-10-03T09:14:16 IST" duration-ms="0" status="PASS">
          <params>
            <param index="0">
              <value>
                <![CDATA[[TestResult name=createAndVerifyOrder status=SUCCESS method=WebOrder_Order_Test.createAndVerifyOrder(java.lang.String,java.lang.String,java.lang.String,java.lang.String,java.lang.String,java.lang.String,java.lang.String,java.lang.String,java.lang.String,java.lang.String,java.lang.String)[pri:2, instance:com.webOrders.test.WebOrder_Order_Test@6af9fcb2] output={null}]]]>
              </value>
            </param>
          </params>
          <reporter-output>
          </reporter-output>
        </test-method> <!-- takeScreenshot -->
        <test-method signature="createAndVerifyOrder(java.lang.String,java.lang.String,java.lang.String,java.lang.String,java.lang.String,java.lang.String,java.lang.String,java.lang.String,java.lang.String,java.lang.String,java.lang.String)[pri:2, instance:com.webOrders.test.WebOrder_Order_Test@6af9fcb2]" started-at="2024-10-03T09:14:16 IST" name="createAndVerifyOrder" description="create and verify new Orders" data-provider="OrdersExcelData" finished-at="2024-10-03T09:14:22 IST" duration-ms="6415" status="PASS">
          <params>
            <param index="0">
              <value>
                <![CDATA[ScreenSaver]]>
              </value>
            </param>
            <param index="1">
              <value>
                <![CDATA[34]]>
              </value>
            </param>
            <param index="2">
              <value>
                <![CDATA[Vineet2]]>
              </value>
            </param>
            <param index="3">
              <value>
                <![CDATA[123 main St]]>
              </value>
            </param>
            <param index="4">
              <value>
                <![CDATA[NY City]]>
              </value>
            </param>
            <param index="5">
              <value>
                <![CDATA[ABC]]>
              </value>
            </param>
            <param index="6">
              <value>
                <![CDATA[asdasds]]>
              </value>
            </param>
            <param index="7">
              <value>
                <![CDATA[Visa]]>
              </value>
            </param>
            <param index="8">
              <value>
                <![CDATA[231232]]>
              </value>
            </param>
            <param index="9">
              <value>
                <![CDATA[12/29]]>
              </value>
            </param>
            <param index="10">
              <value>
                <![CDATA[invalid_zip]]>
              </value>
            </param>
          </params>
          <reporter-output>
          </reporter-output>
        </test-method> <!-- createAndVerifyOrder -->
        <test-method is-config="true" signature="takeScreenshot(org.testng.ITestResult)[pri:0, instance:com.webOrders.test.WebOrder_Order_Test@6af9fcb2]" started-at="2024-10-03T09:14:22 IST" name="takeScreenshot" finished-at="2024-10-03T09:14:22 IST" duration-ms="0" status="PASS">
          <params>
            <param index="0">
              <value>
                <![CDATA[[TestResult name=createAndVerifyOrder status=SUCCESS method=WebOrder_Order_Test.createAndVerifyOrder(java.lang.String,java.lang.String,java.lang.String,java.lang.String,java.lang.String,java.lang.String,java.lang.String,java.lang.String,java.lang.String,java.lang.String,java.lang.String)[pri:2, instance:com.webOrders.test.WebOrder_Order_Test@6af9fcb2] output={null}]]]>
              </value>
            </param>
          </params>
          <reporter-output>
          </reporter-output>
        </test-method> <!-- takeScreenshot -->
        <test-method signature="createAndVerifyOrder(java.lang.String,java.lang.String,java.lang.String,java.lang.String,java.lang.String,java.lang.String,java.lang.String,java.lang.String,java.lang.String,java.lang.String,java.lang.String)[pri:2, instance:com.webOrders.test.WebOrder_Order_Test@6af9fcb2]" started-at="2024-10-03T09:14:22 IST" name="createAndVerifyOrder" description="create and verify new Orders" data-provider="OrdersExcelData" finished-at="2024-10-03T09:14:28 IST" duration-ms="5519" status="PASS">
          <params>
            <param index="0">
              <value>
                <![CDATA[MyMoney]]>
              </value>
            </param>
            <param index="1">
              <value>
                <![CDATA[1]]>
              </value>
            </param>
            <param index="2">
              <value>
                <![CDATA[Vineet]]>
              </value>
            </param>
            <param index="3">
              <value>
                <![CDATA[123 main St]]>
              </value>
            </param>
            <param index="4">
              <value>
                <![CDATA[Dallas]]>
              </value>
            </param>
            <param index="5">
              <value>
                <![CDATA[ABC]]>
              </value>
            </param>
            <param index="6">
              <value>
                <![CDATA[10101]]>
              </value>
            </param>
            <param index="7">
              <value>
                <![CDATA[Visa]]>
              </value>
            </param>
            <param index="8">
              <value>
                <![CDATA[ ]]>
              </value>
            </param>
            <param index="9">
              <value>
                <![CDATA[12/29]]>
              </value>
            </param>
            <param index="10">
              <value>
                <![CDATA[empty_cardnr]]>
              </value>
            </param>
          </params>
          <reporter-output>
          </reporter-output>
        </test-method> <!-- createAndVerifyOrder -->
        <test-method is-config="true" signature="takeScreenshot(org.testng.ITestResult)[pri:0, instance:com.webOrders.test.WebOrder_Order_Test@6af9fcb2]" started-at="2024-10-03T09:14:28 IST" name="takeScreenshot" finished-at="2024-10-03T09:14:28 IST" duration-ms="0" status="PASS">
          <params>
            <param index="0">
              <value>
                <![CDATA[[TestResult name=createAndVerifyOrder status=SUCCESS method=WebOrder_Order_Test.createAndVerifyOrder(java.lang.String,java.lang.String,java.lang.String,java.lang.String,java.lang.String,java.lang.String,java.lang.String,java.lang.String,java.lang.String,java.lang.String,java.lang.String)[pri:2, instance:com.webOrders.test.WebOrder_Order_Test@6af9fcb2] output={null}]]]>
              </value>
            </param>
          </params>
          <reporter-output>
          </reporter-output>
        </test-method> <!-- takeScreenshot -->
        <test-method signature="createAndVerifyOrder(java.lang.String,java.lang.String,java.lang.String,java.lang.String,java.lang.String,java.lang.String,java.lang.String,java.lang.String,java.lang.String,java.lang.String,java.lang.String)[pri:2, instance:com.webOrders.test.WebOrder_Order_Test@6af9fcb2]" started-at="2024-10-03T09:14:28 IST" name="createAndVerifyOrder" description="create and verify new Orders" data-provider="OrdersExcelData" finished-at="2024-10-03T09:14:33 IST" duration-ms="5628" status="PASS">
          <params>
            <param index="0">
              <value>
                <![CDATA[ScreenSaver]]>
              </value>
            </param>
            <param index="1">
              <value>
                <![CDATA[34]]>
              </value>
            </param>
            <param index="2">
              <value>
                <![CDATA[Vineet2]]>
              </value>
            </param>
            <param index="3">
              <value>
                <![CDATA[123 main St]]>
              </value>
            </param>
            <param index="4">
              <value>
                <![CDATA[NY City]]>
              </value>
            </param>
            <param index="5">
              <value>
                <![CDATA[ABC]]>
              </value>
            </param>
            <param index="6">
              <value>
                <![CDATA[90909]]>
              </value>
            </param>
            <param index="7">
              <value>
                <![CDATA[Visa]]>
              </value>
            </param>
            <param index="8">
              <value>
                <![CDATA[dsadsadsada]]>
              </value>
            </param>
            <param index="9">
              <value>
                <![CDATA[12/29]]>
              </value>
            </param>
            <param index="10">
              <value>
                <![CDATA[invalid_cardnr]]>
              </value>
            </param>
          </params>
          <reporter-output>
          </reporter-output>
        </test-method> <!-- createAndVerifyOrder -->
        <test-method signature="createAndVerifyOrder(java.lang.String,java.lang.String,java.lang.String,java.lang.String,java.lang.String,java.lang.String,java.lang.String,java.lang.String,java.lang.String,java.lang.String,java.lang.String)[pri:2, instance:com.webOrders.test.WebOrder_Order_Test@6af9fcb2]" started-at="2024-10-03T09:14:34 IST" name="createAndVerifyOrder" description="create and verify new Orders" data-provider="OrdersExcelData" finished-at="2024-10-03T09:14:39 IST" duration-ms="5498" status="PASS">
          <params>
            <param index="0">
              <value>
                <![CDATA[MyMoney]]>
              </value>
            </param>
            <param index="1">
              <value>
                <![CDATA[1]]>
              </value>
            </param>
            <param index="2">
              <value>
                <![CDATA[Vineet]]>
              </value>
            </param>
            <param index="3">
              <value>
                <![CDATA[123 main St]]>
              </value>
            </param>
            <param index="4">
              <value>
                <![CDATA[Dallas]]>
              </value>
            </param>
            <param index="5">
              <value>
                <![CDATA[ABC]]>
              </value>
            </param>
            <param index="6">
              <value>
                <![CDATA[10101]]>
              </value>
            </param>
            <param index="7">
              <value>
                <![CDATA[Visa]]>
              </value>
            </param>
            <param index="8">
              <value>
                <![CDATA[213213]]>
              </value>
            </param>
            <param index="9">
              <value>
                <![CDATA[ ]]>
              </value>
            </param>
            <param index="10">
              <value>
                <![CDATA[empty_expdate]]>
              </value>
            </param>
          </params>
          <reporter-output>
          </reporter-output>
        </test-method> <!-- createAndVerifyOrder -->
        <test-method is-config="true" signature="takeScreenshot(org.testng.ITestResult)[pri:0, instance:com.webOrders.test.WebOrder_Order_Test@6af9fcb2]" started-at="2024-10-03T09:14:34 IST" name="takeScreenshot" finished-at="2024-10-03T09:14:34 IST" duration-ms="0" status="PASS">
          <params>
            <param index="0">
              <value>
                <![CDATA[[TestResult name=createAndVerifyOrder status=SUCCESS method=WebOrder_Order_Test.createAndVerifyOrder(java.lang.String,java.lang.String,java.lang.String,java.lang.String,java.lang.String,java.lang.String,java.lang.String,java.lang.String,java.lang.String,java.lang.String,java.lang.String)[pri:2, instance:com.webOrders.test.WebOrder_Order_Test@6af9fcb2] output={null}]]]>
              </value>
            </param>
          </params>
          <reporter-output>
          </reporter-output>
        </test-method> <!-- takeScreenshot -->
        <test-method is-config="true" signature="takeScreenshot(org.testng.ITestResult)[pri:0, instance:com.webOrders.test.WebOrder_Order_Test@6af9fcb2]" started-at="2024-10-03T09:14:39 IST" name="takeScreenshot" finished-at="2024-10-03T09:14:39 IST" duration-ms="1" status="PASS">
          <params>
            <param index="0">
              <value>
                <![CDATA[[TestResult name=createAndVerifyOrder status=SUCCESS method=WebOrder_Order_Test.createAndVerifyOrder(java.lang.String,java.lang.String,java.lang.String,java.lang.String,java.lang.String,java.lang.String,java.lang.String,java.lang.String,java.lang.String,java.lang.String,java.lang.String)[pri:2, instance:com.webOrders.test.WebOrder_Order_Test@6af9fcb2] output={null}]]]>
              </value>
            </param>
          </params>
          <reporter-output>
          </reporter-output>
        </test-method> <!-- takeScreenshot -->
        <test-method signature="createAndVerifyOrder(java.lang.String,java.lang.String,java.lang.String,java.lang.String,java.lang.String,java.lang.String,java.lang.String,java.lang.String,java.lang.String,java.lang.String,java.lang.String)[pri:2, instance:com.webOrders.test.WebOrder_Order_Test@6af9fcb2]" started-at="2024-10-03T09:14:39 IST" name="createAndVerifyOrder" description="create and verify new Orders" data-provider="OrdersExcelData" finished-at="2024-10-03T09:14:45 IST" duration-ms="5387" status="PASS">
          <params>
            <param index="0">
              <value>
                <![CDATA[MyMoney]]>
              </value>
            </param>
            <param index="1">
              <value>
                <![CDATA[1]]>
              </value>
            </param>
            <param index="2">
              <value>
                <![CDATA[Vineet]]>
              </value>
            </param>
            <param index="3">
              <value>
                <![CDATA[123 main St]]>
              </value>
            </param>
            <param index="4">
              <value>
                <![CDATA[Dallas]]>
              </value>
            </param>
            <param index="5">
              <value>
                <![CDATA[ABC]]>
              </value>
            </param>
            <param index="6">
              <value>
                <![CDATA[10101]]>
              </value>
            </param>
            <param index="7">
              <value>
                <![CDATA[Visa]]>
              </value>
            </param>
            <param index="8">
              <value>
                <![CDATA[2132131]]>
              </value>
            </param>
            <param index="9">
              <value>
                <![CDATA[dsss]]>
              </value>
            </param>
            <param index="10">
              <value>
                <![CDATA[invalid_date]]>
              </value>
            </param>
          </params>
          <reporter-output>
          </reporter-output>
        </test-method> <!-- createAndVerifyOrder -->
        <test-method signature="createAndVerifyOrder(java.lang.String,java.lang.String,java.lang.String,java.lang.String,java.lang.String,java.lang.String,java.lang.String,java.lang.String,java.lang.String,java.lang.String,java.lang.String)[pri:2, instance:com.webOrders.test.WebOrder_Order_Test@6af9fcb2]" started-at="2024-10-03T09:14:45 IST" name="createAndVerifyOrder" description="create and verify new Orders" data-provider="OrdersExcelData" finished-at="2024-10-03T09:14:50 IST" duration-ms="5646" status="PASS">
          <params>
            <param index="0">
              <value>
                <![CDATA[ScreenSaver]]>
              </value>
            </param>
            <param index="1">
              <value>
                <![CDATA[34]]>
              </value>
            </param>
            <param index="2">
              <value>
                <![CDATA[Vineet2]]>
              </value>
            </param>
            <param index="3">
              <value>
                <![CDATA[123 main St]]>
              </value>
            </param>
            <param index="4">
              <value>
                <![CDATA[NY City]]>
              </value>
            </param>
            <param index="5">
              <value>
                <![CDATA[ABC]]>
              </value>
            </param>
            <param index="6">
              <value>
                <![CDATA[90909]]>
              </value>
            </param>
            <param index="7">
              <value>
                <![CDATA[Visa]]>
              </value>
            </param>
            <param index="8">
              <value>
                <![CDATA[123213123]]>
              </value>
            </param>
            <param index="9">
              <value>
                <![CDATA[12/29]]>
              </value>
            </param>
            <param index="10">
              <value>
                <![CDATA[invalid_date]]>
              </value>
            </param>
          </params>
          <reporter-output>
          </reporter-output>
        </test-method> <!-- createAndVerifyOrder -->
        <test-method is-config="true" signature="takeScreenshot(org.testng.ITestResult)[pri:0, instance:com.webOrders.test.WebOrder_Order_Test@6af9fcb2]" started-at="2024-10-03T09:14:45 IST" name="takeScreenshot" finished-at="2024-10-03T09:14:45 IST" duration-ms="0" status="PASS">
          <params>
            <param index="0">
              <value>
                <![CDATA[[TestResult name=createAndVerifyOrder status=SUCCESS method=WebOrder_Order_Test.createAndVerifyOrder(java.lang.String,java.lang.String,java.lang.String,java.lang.String,java.lang.String,java.lang.String,java.lang.String,java.lang.String,java.lang.String,java.lang.String,java.lang.String)[pri:2, instance:com.webOrders.test.WebOrder_Order_Test@6af9fcb2] output={null}]]]>
              </value>
            </param>
          </params>
          <reporter-output>
          </reporter-output>
        </test-method> <!-- takeScreenshot -->
        <test-method is-config="true" signature="takeScreenshot(org.testng.ITestResult)[pri:0, instance:com.webOrders.test.WebOrder_Order_Test@6af9fcb2]" started-at="2024-10-03T09:14:50 IST" name="takeScreenshot" finished-at="2024-10-03T09:14:50 IST" duration-ms="1" status="PASS">
          <params>
            <param index="0">
              <value>
                <![CDATA[[TestResult name=createAndVerifyOrder status=SUCCESS method=WebOrder_Order_Test.createAndVerifyOrder(java.lang.String,java.lang.String,java.lang.String,java.lang.String,java.lang.String,java.lang.String,java.lang.String,java.lang.String,java.lang.String,java.lang.String,java.lang.String)[pri:2, instance:com.webOrders.test.WebOrder_Order_Test@6af9fcb2] output={null}]]]>
              </value>
            </param>
          </params>
          <reporter-output>
          </reporter-output>
        </test-method> <!-- takeScreenshot -->
        <test-method is-config="true" signature="tearDown()[pri:0, instance:com.webOrders.test.WebOrder_Order_Test@6af9fcb2]" started-at="2024-10-03T09:14:50 IST" name="tearDown" finished-at="2024-10-03T09:14:52 IST" duration-ms="1196" status="PASS">
          <reporter-output>
          </reporter-output>
        </test-method> <!-- tearDown -->
      </class> <!-- com.webOrders.test.WebOrder_Order_Test -->
      <class name="com.webOrders.test.WebOrder_ViewAllOrders_Test">
        <test-method is-config="true" signature="initializeTestBaseSetup(java.lang.String,java.lang.String)[pri:0, instance:com.webOrders.test.WebOrder_ViewAllOrders_Test@291a7e3c]" started-at="2024-10-03T09:14:52 IST" name="initializeTestBaseSetup" finished-at="2024-10-03T09:14:54 IST" duration-ms="2591" status="PASS">
          <params>
            <param index="0">
              <value>
                <![CDATA[chrome]]>
              </value>
            </param>
            <param index="1">
              <value>
                <![CDATA[http://secure.smartbearsoftware.com/samples/TestComplete11/WebOrders/Login.aspx?ReturnUrl=%2fsamples%2fTestComplete11%2fWebOrders%2fDefault.aspx]]>
              </value>
            </param>
          </params>
          <reporter-output>
          </reporter-output>
        </test-method> <!-- initializeTestBaseSetup -->
        <test-method is-config="true" signature="setUp()[pri:0, instance:com.webOrders.test.WebOrder_ViewAllOrders_Test@291a7e3c]" started-at="2024-10-03T09:14:54 IST" name="setUp" finished-at="2024-10-03T09:14:54 IST" duration-ms="2" status="PASS">
          <reporter-output>
          </reporter-output>
        </test-method> <!-- setUp -->
        <test-method signature="verifyCheckAll()[pri:1, instance:com.webOrders.test.WebOrder_ViewAllOrders_Test@291a7e3c]" started-at="2024-10-03T09:14:54 IST" name="verifyCheckAll" description="Validate check all button" finished-at="2024-10-03T09:14:57 IST" duration-ms="2535" status="PASS">
          <reporter-output>
          </reporter-output>
        </test-method> <!-- verifyCheckAll -->
        <test-method is-config="true" signature="takeScreenshot(org.testng.ITestResult)[pri:0, instance:com.webOrders.test.WebOrder_ViewAllOrders_Test@291a7e3c]" started-at="2024-10-03T09:14:57 IST" name="takeScreenshot" finished-at="2024-10-03T09:14:57 IST" duration-ms="0" status="PASS">
          <params>
            <param index="0">
              <value>
                <![CDATA[[TestResult name=verifyCheckAll status=SUCCESS method=WebOrder_ViewAllOrders_Test.verifyCheckAll()[pri:1, instance:com.webOrders.test.WebOrder_ViewAllOrders_Test@291a7e3c] output={null}]]]>
              </value>
            </param>
          </params>
          <reporter-output>
          </reporter-output>
        </test-method> <!-- takeScreenshot -->
        <test-method signature="verifyUnCheckAll()[pri:2, instance:com.webOrders.test.WebOrder_ViewAllOrders_Test@291a7e3c]" started-at="2024-10-03T09:14:57 IST" name="verifyUnCheckAll" description="Validate uncheck all button" finished-at="2024-10-03T09:14:57 IST" duration-ms="398" status="PASS">
          <reporter-output>
          </reporter-output>
        </test-method> <!-- verifyUnCheckAll -->
        <test-method is-config="true" signature="takeScreenshot(org.testng.ITestResult)[pri:0, instance:com.webOrders.test.WebOrder_ViewAllOrders_Test@291a7e3c]" started-at="2024-10-03T09:14:57 IST" name="takeScreenshot" finished-at="2024-10-03T09:14:57 IST" duration-ms="0" status="PASS">
          <params>
            <param index="0">
              <value>
                <![CDATA[[TestResult name=verifyUnCheckAll status=SUCCESS method=WebOrder_ViewAllOrders_Test.verifyUnCheckAll()[pri:2, instance:com.webOrders.test.WebOrder_ViewAllOrders_Test@291a7e3c] output={null}]]]>
              </value>
            </param>
          </params>
          <reporter-output>
          </reporter-output>
        </test-method> <!-- takeScreenshot -->
        <test-method signature="verifyDeleteOrder()[pri:3, instance:com.webOrders.test.WebOrder_ViewAllOrders_Test@291a7e3c]" started-at="2024-10-03T09:14:57 IST" name="verifyDeleteOrder" description="Validate user can delete an order" finished-at="2024-10-03T09:14:58 IST" duration-ms="647" status="PASS">
          <reporter-output>
          </reporter-output>
        </test-method> <!-- verifyDeleteOrder -->
        <test-method is-config="true" signature="takeScreenshot(org.testng.ITestResult)[pri:0, instance:com.webOrders.test.WebOrder_ViewAllOrders_Test@291a7e3c]" started-at="2024-10-03T09:14:58 IST" name="takeScreenshot" finished-at="2024-10-03T09:14:58 IST" duration-ms="2" status="PASS">
          <params>
            <param index="0">
              <value>
                <![CDATA[[TestResult name=verifyDeleteOrder status=SUCCESS method=WebOrder_ViewAllOrders_Test.verifyDeleteOrder()[pri:3, instance:com.webOrders.test.WebOrder_ViewAllOrders_Test@291a7e3c] output={null}]]]>
              </value>
            </param>
          </params>
          <reporter-output>
          </reporter-output>
        </test-method> <!-- takeScreenshot -->
        <test-method signature="verifyEditOrder(java.lang.String,java.lang.String,java.lang.String,java.lang.String,java.lang.String,java.lang.String,java.lang.String,java.lang.String,java.lang.String,java.lang.String,java.lang.String)[pri:4, instance:com.webOrders.test.WebOrder_ViewAllOrders_Test@291a7e3c]" started-at="2024-10-03T09:14:58 IST" name="verifyEditOrder" description="Validate user can edit an order" data-provider="Update Form" finished-at="2024-10-03T09:15:01 IST" duration-ms="2596" status="PASS">
          <params>
            <param index="0">
              <value>
                <![CDATA[MyMoney]]>
              </value>
            </param>
            <param index="1">
              <value>
                <![CDATA[5]]>
              </value>
            </param>
            <param index="2">
              <value>
                <![CDATA[Minh]]>
              </value>
            </param>
            <param index="3">
              <value>
                <![CDATA[123 Main St]]>
              </value>
            </param>
            <param index="4">
              <value>
                <![CDATA[Dallas]]>
              </value>
            </param>
            <param index="5">
              <value>
                <![CDATA[IL]]>
              </value>
            </param>
            <param index="6">
              <value>
                <![CDATA[75000]]>
              </value>
            </param>
            <param index="7">
              <value>
                <![CDATA[Visa]]>
              </value>
            </param>
            <param index="8">
              <value>
                <![CDATA[123456789]]>
              </value>
            </param>
            <param index="9">
              <value>
                <![CDATA[12/29]]>
              </value>
            </param>
            <param index="10">
              <value>
                <![CDATA[success]]>
              </value>
            </param>
          </params>
          <reporter-output>
          </reporter-output>
        </test-method> <!-- verifyEditOrder -->
        <test-method signature="verifyEditOrder(java.lang.String,java.lang.String,java.lang.String,java.lang.String,java.lang.String,java.lang.String,java.lang.String,java.lang.String,java.lang.String,java.lang.String,java.lang.String)[pri:4, instance:com.webOrders.test.WebOrder_ViewAllOrders_Test@291a7e3c]" started-at="2024-10-03T09:15:01 IST" name="verifyEditOrder" description="Validate user can edit an order" data-provider="Update Form" finished-at="2024-10-03T09:15:03 IST" duration-ms="1819" status="PASS">
          <params>
            <param index="0">
              <value>
                <![CDATA[MyMoney]]>
              </value>
            </param>
            <param index="1">
              <value>
                <![CDATA[5]]>
              </value>
            </param>
            <param index="2">
              <value>
                <![CDATA[Nguyen]]>
              </value>
            </param>
            <param index="3">
              <value>
                <![CDATA[123 Main St]]>
              </value>
            </param>
            <param index="4">
              <value>
                <![CDATA[Dallas]]>
              </value>
            </param>
            <param index="5">
              <value>
                <![CDATA[IL]]>
              </value>
            </param>
            <param index="6">
              <value>
                <![CDATA[75000]]>
              </value>
            </param>
            <param index="7">
              <value>
                <![CDATA[MasterCard]]>
              </value>
            </param>
            <param index="8">
              <value>
                <![CDATA[123456789]]>
              </value>
            </param>
            <param index="9">
              <value>
                <![CDATA[11/29]]>
              </value>
            </param>
            <param index="10">
              <value>
                <![CDATA[success]]>
              </value>
            </param>
          </params>
          <reporter-output>
          </reporter-output>
        </test-method> <!-- verifyEditOrder -->
        <test-method is-config="true" signature="takeScreenshot(org.testng.ITestResult)[pri:0, instance:com.webOrders.test.WebOrder_ViewAllOrders_Test@291a7e3c]" started-at="2024-10-03T09:15:01 IST" name="takeScreenshot" finished-at="2024-10-03T09:15:01 IST" duration-ms="0" status="PASS">
          <params>
            <param index="0">
              <value>
                <![CDATA[[TestResult name=verifyEditOrder status=SUCCESS method=WebOrder_ViewAllOrders_Test.verifyEditOrder(java.lang.String,java.lang.String,java.lang.String,java.lang.String,java.lang.String,java.lang.String,java.lang.String,java.lang.String,java.lang.String,java.lang.String,java.lang.String)[pri:4, instance:com.webOrders.test.WebOrder_ViewAllOrders_Test@291a7e3c] output={null}]]]>
              </value>
            </param>
          </params>
          <reporter-output>
          </reporter-output>
        </test-method> <!-- takeScreenshot -->
        <test-method is-config="true" signature="takeScreenshot(org.testng.ITestResult)[pri:0, instance:com.webOrders.test.WebOrder_ViewAllOrders_Test@291a7e3c]" started-at="2024-10-03T09:15:03 IST" name="takeScreenshot" finished-at="2024-10-03T09:15:03 IST" duration-ms="1" status="PASS">
          <params>
            <param index="0">
              <value>
                <![CDATA[[TestResult name=verifyEditOrder status=SUCCESS method=WebOrder_ViewAllOrders_Test.verifyEditOrder(java.lang.String,java.lang.String,java.lang.String,java.lang.String,java.lang.String,java.lang.String,java.lang.String,java.lang.String,java.lang.String,java.lang.String,java.lang.String)[pri:4, instance:com.webOrders.test.WebOrder_ViewAllOrders_Test@291a7e3c] output={null}]]]>
              </value>
            </param>
          </params>
          <reporter-output>
          </reporter-output>
        </test-method> <!-- takeScreenshot -->
        <test-method signature="verifyError(java.lang.String,java.lang.String,java.lang.String,java.lang.String,java.lang.String,java.lang.String,java.lang.String,java.lang.String,java.lang.String,java.lang.String,java.lang.String)[pri:5, instance:com.webOrders.test.WebOrder_ViewAllOrders_Test@291a7e3c]" started-at="2024-10-03T09:15:03 IST" name="verifyError" description="Validate error is displayed while editing an order with invalid Data" data-provider="Update Order Form Error" finished-at="2024-10-03T09:15:04 IST" duration-ms="1214" status="PASS">
          <params>
            <param index="0">
              <value>
                <![CDATA[MyMoney]]>
              </value>
            </param>
            <param index="1">
              <value>
                <![CDATA[]]>
              </value>
            </param>
            <param index="2">
              <value>
                <![CDATA[Minh]]>
              </value>
            </param>
            <param index="3">
              <value>
                <![CDATA[123 Main St]]>
              </value>
            </param>
            <param index="4">
              <value>
                <![CDATA[Dallas]]>
              </value>
            </param>
            <param index="5">
              <value>
                <![CDATA[ABC]]>
              </value>
            </param>
            <param index="6">
              <value>
                <![CDATA[75000]]>
              </value>
            </param>
            <param index="7">
              <value>
                <![CDATA[Visa]]>
              </value>
            </param>
            <param index="8">
              <value>
                <![CDATA[123456789]]>
              </value>
            </param>
            <param index="9">
              <value>
                <![CDATA[12/29]]>
              </value>
            </param>
            <param index="10">
              <value>
                <![CDATA[empty_quantity]]>
              </value>
            </param>
          </params>
          <reporter-output>
          </reporter-output>
        </test-method> <!-- verifyError -->
        <test-method is-config="true" signature="takeScreenshot(org.testng.ITestResult)[pri:0, instance:com.webOrders.test.WebOrder_ViewAllOrders_Test@291a7e3c]" started-at="2024-10-03T09:15:04 IST" name="takeScreenshot" finished-at="2024-10-03T09:15:04 IST" duration-ms="1" status="PASS">
          <params>
            <param index="0">
              <value>
                <![CDATA[[TestResult name=verifyError status=SUCCESS method=WebOrder_ViewAllOrders_Test.verifyError(java.lang.String,java.lang.String,java.lang.String,java.lang.String,java.lang.String,java.lang.String,java.lang.String,java.lang.String,java.lang.String,java.lang.String,java.lang.String)[pri:5, instance:com.webOrders.test.WebOrder_ViewAllOrders_Test@291a7e3c] output={null}]]]>
              </value>
            </param>
          </params>
          <reporter-output>
          </reporter-output>
        </test-method> <!-- takeScreenshot -->
        <test-method signature="verifyError(java.lang.String,java.lang.String,java.lang.String,java.lang.String,java.lang.String,java.lang.String,java.lang.String,java.lang.String,java.lang.String,java.lang.String,java.lang.String)[pri:5, instance:com.webOrders.test.WebOrder_ViewAllOrders_Test@291a7e3c]" started-at="2024-10-03T09:15:04 IST" name="verifyError" description="Validate error is displayed while editing an order with invalid Data" data-provider="Update Order Form Error" finished-at="2024-10-03T09:15:05 IST" duration-ms="973" status="PASS">
          <params>
            <param index="0">
              <value>
                <![CDATA[MyMoney]]>
              </value>
            </param>
            <param index="1">
              <value>
                <![CDATA[0]]>
              </value>
            </param>
            <param index="2">
              <value>
                <![CDATA[Minh]]>
              </value>
            </param>
            <param index="3">
              <value>
                <![CDATA[123 Main St]]>
              </value>
            </param>
            <param index="4">
              <value>
                <![CDATA[Dallas]]>
              </value>
            </param>
            <param index="5">
              <value>
                <![CDATA[ILA]]>
              </value>
            </param>
            <param index="6">
              <value>
                <![CDATA[75000]]>
              </value>
            </param>
            <param index="7">
              <value>
                <![CDATA[Visa]]>
              </value>
            </param>
            <param index="8">
              <value>
                <![CDATA[123456789]]>
              </value>
            </param>
            <param index="9">
              <value>
                <![CDATA[12/29]]>
              </value>
            </param>
            <param index="10">
              <value>
                <![CDATA[invalid_quantity]]>
              </value>
            </param>
          </params>
          <reporter-output>
          </reporter-output>
        </test-method> <!-- verifyError -->
        <test-method is-config="true" signature="takeScreenshot(org.testng.ITestResult)[pri:0, instance:com.webOrders.test.WebOrder_ViewAllOrders_Test@291a7e3c]" started-at="2024-10-03T09:15:05 IST" name="takeScreenshot" finished-at="2024-10-03T09:15:05 IST" duration-ms="1" status="PASS">
          <params>
            <param index="0">
              <value>
                <![CDATA[[TestResult name=verifyError status=SUCCESS method=WebOrder_ViewAllOrders_Test.verifyError(java.lang.String,java.lang.String,java.lang.String,java.lang.String,java.lang.String,java.lang.String,java.lang.String,java.lang.String,java.lang.String,java.lang.String,java.lang.String)[pri:5, instance:com.webOrders.test.WebOrder_ViewAllOrders_Test@291a7e3c] output={null}]]]>
              </value>
            </param>
          </params>
          <reporter-output>
          </reporter-output>
        </test-method> <!-- takeScreenshot -->
        <test-method signature="verifyError(java.lang.String,java.lang.String,java.lang.String,java.lang.String,java.lang.String,java.lang.String,java.lang.String,java.lang.String,java.lang.String,java.lang.String,java.lang.String)[pri:5, instance:com.webOrders.test.WebOrder_ViewAllOrders_Test@291a7e3c]" started-at="2024-10-03T09:15:05 IST" name="verifyError" description="Validate error is displayed while editing an order with invalid Data" data-provider="Update Order Form Error" finished-at="2024-10-03T09:15:06 IST" duration-ms="946" status="PASS">
          <params>
            <param index="0">
              <value>
                <![CDATA[MyMoney]]>
              </value>
            </param>
            <param index="1">
              <value>
                <![CDATA[5]]>
              </value>
            </param>
            <param index="2">
              <value>
                <![CDATA[]]>
              </value>
            </param>
            <param index="3">
              <value>
                <![CDATA[123 Main St]]>
              </value>
            </param>
            <param index="4">
              <value>
                <![CDATA[Dallas]]>
              </value>
            </param>
            <param index="5">
              <value>
                <![CDATA[ILA]]>
              </value>
            </param>
            <param index="6">
              <value>
                <![CDATA[75000]]>
              </value>
            </param>
            <param index="7">
              <value>
                <![CDATA[Visa]]>
              </value>
            </param>
            <param index="8">
              <value>
                <![CDATA[123456789]]>
              </value>
            </param>
            <param index="9">
              <value>
                <![CDATA[12/29]]>
              </value>
            </param>
            <param index="10">
              <value>
                <![CDATA[empty_name]]>
              </value>
            </param>
          </params>
          <reporter-output>
          </reporter-output>
        </test-method> <!-- verifyError -->
        <test-method is-config="true" signature="takeScreenshot(org.testng.ITestResult)[pri:0, instance:com.webOrders.test.WebOrder_ViewAllOrders_Test@291a7e3c]" started-at="2024-10-03T09:15:06 IST" name="takeScreenshot" finished-at="2024-10-03T09:15:06 IST" duration-ms="0" status="PASS">
          <params>
            <param index="0">
              <value>
                <![CDATA[[TestResult name=verifyError status=SUCCESS method=WebOrder_ViewAllOrders_Test.verifyError(java.lang.String,java.lang.String,java.lang.String,java.lang.String,java.lang.String,java.lang.String,java.lang.String,java.lang.String,java.lang.String,java.lang.String,java.lang.String)[pri:5, instance:com.webOrders.test.WebOrder_ViewAllOrders_Test@291a7e3c] output={null}]]]>
              </value>
            </param>
          </params>
          <reporter-output>
          </reporter-output>
        </test-method> <!-- takeScreenshot -->
        <test-method signature="verifyError(java.lang.String,java.lang.String,java.lang.String,java.lang.String,java.lang.String,java.lang.String,java.lang.String,java.lang.String,java.lang.String,java.lang.String,java.lang.String)[pri:5, instance:com.webOrders.test.WebOrder_ViewAllOrders_Test@291a7e3c]" started-at="2024-10-03T09:15:06 IST" name="verifyError" description="Validate error is displayed while editing an order with invalid Data" data-provider="Update Order Form Error" finished-at="2024-10-03T09:15:08 IST" duration-ms="1187" status="PASS">
          <params>
            <param index="0">
              <value>
                <![CDATA[MyMoney]]>
              </value>
            </param>
            <param index="1">
              <value>
                <![CDATA[5]]>
              </value>
            </param>
            <param index="2">
              <value>
                <![CDATA[Minh]]>
              </value>
            </param>
            <param index="3">
              <value>
                <![CDATA[]]>
              </value>
            </param>
            <param index="4">
              <value>
                <![CDATA[Dallas]]>
              </value>
            </param>
            <param index="5">
              <value>
                <![CDATA[IL]]>
              </value>
            </param>
            <param index="6">
              <value>
                <![CDATA[75000]]>
              </value>
            </param>
            <param index="7">
              <value>
                <![CDATA[Visa]]>
              </value>
            </param>
            <param index="8">
              <value>
                <![CDATA[123456789]]>
              </value>
            </param>
            <param index="9">
              <value>
                <![CDATA[12/29]]>
              </value>
            </param>
            <param index="10">
              <value>
                <![CDATA[empty_street]]>
              </value>
            </param>
          </params>
          <reporter-output>
          </reporter-output>
        </test-method> <!-- verifyError -->
        <test-method is-config="true" signature="takeScreenshot(org.testng.ITestResult)[pri:0, instance:com.webOrders.test.WebOrder_ViewAllOrders_Test@291a7e3c]" started-at="2024-10-03T09:15:08 IST" name="takeScreenshot" finished-at="2024-10-03T09:15:08 IST" duration-ms="1" status="PASS">
          <params>
            <param index="0">
              <value>
                <![CDATA[[TestResult name=verifyError status=SUCCESS method=WebOrder_ViewAllOrders_Test.verifyError(java.lang.String,java.lang.String,java.lang.String,java.lang.String,java.lang.String,java.lang.String,java.lang.String,java.lang.String,java.lang.String,java.lang.String,java.lang.String)[pri:5, instance:com.webOrders.test.WebOrder_ViewAllOrders_Test@291a7e3c] output={null}]]]>
              </value>
            </param>
          </params>
          <reporter-output>
          </reporter-output>
        </test-method> <!-- takeScreenshot -->
        <test-method signature="verifyError(java.lang.String,java.lang.String,java.lang.String,java.lang.String,java.lang.String,java.lang.String,java.lang.String,java.lang.String,java.lang.String,java.lang.String,java.lang.String)[pri:5, instance:com.webOrders.test.WebOrder_ViewAllOrders_Test@291a7e3c]" started-at="2024-10-03T09:15:08 IST" name="verifyError" description="Validate error is displayed while editing an order with invalid Data" data-provider="Update Order Form Error" finished-at="2024-10-03T09:15:09 IST" duration-ms="1044" status="PASS">
          <params>
            <param index="0">
              <value>
                <![CDATA[MyMoney]]>
              </value>
            </param>
            <param index="1">
              <value>
                <![CDATA[5]]>
              </value>
            </param>
            <param index="2">
              <value>
                <![CDATA[Minh]]>
              </value>
            </param>
            <param index="3">
              <value>
                <![CDATA[123 Main St]]>
              </value>
            </param>
            <param index="4">
              <value>
                <![CDATA[]]>
              </value>
            </param>
            <param index="5">
              <value>
                <![CDATA[IL]]>
              </value>
            </param>
            <param index="6">
              <value>
                <![CDATA[75000]]>
              </value>
            </param>
            <param index="7">
              <value>
                <![CDATA[Visa]]>
              </value>
            </param>
            <param index="8">
              <value>
                <![CDATA[123456789]]>
              </value>
            </param>
            <param index="9">
              <value>
                <![CDATA[12/29]]>
              </value>
            </param>
            <param index="10">
              <value>
                <![CDATA[empty_city]]>
              </value>
            </param>
          </params>
          <reporter-output>
          </reporter-output>
        </test-method> <!-- verifyError -->
        <test-method is-config="true" signature="takeScreenshot(org.testng.ITestResult)[pri:0, instance:com.webOrders.test.WebOrder_ViewAllOrders_Test@291a7e3c]" started-at="2024-10-03T09:15:09 IST" name="takeScreenshot" finished-at="2024-10-03T09:15:09 IST" duration-ms="0" status="PASS">
          <params>
            <param index="0">
              <value>
                <![CDATA[[TestResult name=verifyError status=SUCCESS method=WebOrder_ViewAllOrders_Test.verifyError(java.lang.String,java.lang.String,java.lang.String,java.lang.String,java.lang.String,java.lang.String,java.lang.String,java.lang.String,java.lang.String,java.lang.String,java.lang.String)[pri:5, instance:com.webOrders.test.WebOrder_ViewAllOrders_Test@291a7e3c] output={null}]]]>
              </value>
            </param>
          </params>
          <reporter-output>
          </reporter-output>
        </test-method> <!-- takeScreenshot -->
        <test-method signature="verifyError(java.lang.String,java.lang.String,java.lang.String,java.lang.String,java.lang.String,java.lang.String,java.lang.String,java.lang.String,java.lang.String,java.lang.String,java.lang.String)[pri:5, instance:com.webOrders.test.WebOrder_ViewAllOrders_Test@291a7e3c]" started-at="2024-10-03T09:15:09 IST" name="verifyError" description="Validate error is displayed while editing an order with invalid Data" data-provider="Update Order Form Error" finished-at="2024-10-03T09:15:10 IST" duration-ms="956" status="PASS">
          <params>
            <param index="0">
              <value>
                <![CDATA[MyMoney]]>
              </value>
            </param>
            <param index="1">
              <value>
                <![CDATA[5]]>
              </value>
            </param>
            <param index="2">
              <value>
                <![CDATA[Minh]]>
              </value>
            </param>
            <param index="3">
              <value>
                <![CDATA[123 Main St]]>
              </value>
            </param>
            <param index="4">
              <value>
                <![CDATA[Dallas]]>
              </value>
            </param>
            <param index="5">
              <value>
                <![CDATA[IL]]>
              </value>
            </param>
            <param index="6">
              <value>
                <![CDATA[]]>
              </value>
            </param>
            <param index="7">
              <value>
                <![CDATA[Visa]]>
              </value>
            </param>
            <param index="8">
              <value>
                <![CDATA[123456789]]>
              </value>
            </param>
            <param index="9">
              <value>
                <![CDATA[12/29]]>
              </value>
            </param>
            <param index="10">
              <value>
                <![CDATA[empty_zip]]>
              </value>
            </param>
          </params>
          <reporter-output>
          </reporter-output>
        </test-method> <!-- verifyError -->
        <test-method is-config="true" signature="takeScreenshot(org.testng.ITestResult)[pri:0, instance:com.webOrders.test.WebOrder_ViewAllOrders_Test@291a7e3c]" started-at="2024-10-03T09:15:10 IST" name="takeScreenshot" finished-at="2024-10-03T09:15:10 IST" duration-ms="0" status="PASS">
          <params>
            <param index="0">
              <value>
                <![CDATA[[TestResult name=verifyError status=SUCCESS method=WebOrder_ViewAllOrders_Test.verifyError(java.lang.String,java.lang.String,java.lang.String,java.lang.String,java.lang.String,java.lang.String,java.lang.String,java.lang.String,java.lang.String,java.lang.String,java.lang.String)[pri:5, instance:com.webOrders.test.WebOrder_ViewAllOrders_Test@291a7e3c] output={null}]]]>
              </value>
            </param>
          </params>
          <reporter-output>
          </reporter-output>
        </test-method> <!-- takeScreenshot -->
        <test-method signature="verifyError(java.lang.String,java.lang.String,java.lang.String,java.lang.String,java.lang.String,java.lang.String,java.lang.String,java.lang.String,java.lang.String,java.lang.String,java.lang.String)[pri:5, instance:com.webOrders.test.WebOrder_ViewAllOrders_Test@291a7e3c]" started-at="2024-10-03T09:15:10 IST" name="verifyError" description="Validate error is displayed while editing an order with invalid Data" data-provider="Update Order Form Error" finished-at="2024-10-03T09:15:11 IST" duration-ms="971" status="PASS">
          <params>
            <param index="0">
              <value>
                <![CDATA[MyMoney]]>
              </value>
            </param>
            <param index="1">
              <value>
                <![CDATA[5]]>
              </value>
            </param>
            <param index="2">
              <value>
                <![CDATA[Minh]]>
              </value>
            </param>
            <param index="3">
              <value>
                <![CDATA[123 Main St]]>
              </value>
            </param>
            <param index="4">
              <value>
                <![CDATA[Dallas]]>
              </value>
            </param>
            <param index="5">
              <value>
                <![CDATA[IL]]>
              </value>
            </param>
            <param index="6">
              <value>
                <![CDATA[abcde]]>
              </value>
            </param>
            <param index="7">
              <value>
                <![CDATA[Visa]]>
              </value>
            </param>
            <param index="8">
              <value>
                <![CDATA[123456789]]>
              </value>
            </param>
            <param index="9">
              <value>
                <![CDATA[12/29]]>
              </value>
            </param>
            <param index="10">
              <value>
                <![CDATA[invalid_zip]]>
              </value>
            </param>
          </params>
          <reporter-output>
          </reporter-output>
        </test-method> <!-- verifyError -->
        <test-method is-config="true" signature="takeScreenshot(org.testng.ITestResult)[pri:0, instance:com.webOrders.test.WebOrder_ViewAllOrders_Test@291a7e3c]" started-at="2024-10-03T09:15:11 IST" name="takeScreenshot" finished-at="2024-10-03T09:15:11 IST" duration-ms="1" status="PASS">
          <params>
            <param index="0">
              <value>
                <![CDATA[[TestResult name=verifyError status=SUCCESS method=WebOrder_ViewAllOrders_Test.verifyError(java.lang.String,java.lang.String,java.lang.String,java.lang.String,java.lang.String,java.lang.String,java.lang.String,java.lang.String,java.lang.String,java.lang.String,java.lang.String)[pri:5, instance:com.webOrders.test.WebOrder_ViewAllOrders_Test@291a7e3c] output={null}]]]>
              </value>
            </param>
          </params>
          <reporter-output>
          </reporter-output>
        </test-method> <!-- takeScreenshot -->
        <test-method signature="verifyError(java.lang.String,java.lang.String,java.lang.String,java.lang.String,java.lang.String,java.lang.String,java.lang.String,java.lang.String,java.lang.String,java.lang.String,java.lang.String)[pri:5, instance:com.webOrders.test.WebOrder_ViewAllOrders_Test@291a7e3c]" started-at="2024-10-03T09:15:11 IST" name="verifyError" description="Validate error is displayed while editing an order with invalid Data" data-provider="Update Order Form Error" finished-at="2024-10-03T09:15:12 IST" duration-ms="1024" status="PASS">
          <params>
            <param index="0">
              <value>
                <![CDATA[MyMoney]]>
              </value>
            </param>
            <param index="1">
              <value>
                <![CDATA[5]]>
              </value>
            </param>
            <param index="2">
              <value>
                <![CDATA[Minh]]>
              </value>
            </param>
            <param index="3">
              <value>
                <![CDATA[123 Main St]]>
              </value>
            </param>
            <param index="4">
              <value>
                <![CDATA[Dallas]]>
              </value>
            </param>
            <param index="5">
              <value>
                <![CDATA[IL]]>
              </value>
            </param>
            <param index="6">
              <value>
                <![CDATA[75000]]>
              </value>
            </param>
            <param index="7">
              <value>
                <![CDATA[Visa]]>
              </value>
            </param>
            <param index="8">
              <value>
                <![CDATA[]]>
              </value>
            </param>
            <param index="9">
              <value>
                <![CDATA[12/29]]>
              </value>
            </param>
            <param index="10">
              <value>
                <![CDATA[empty_cardnr]]>
              </value>
            </param>
          </params>
          <reporter-output>
          </reporter-output>
        </test-method> <!-- verifyError -->
        <test-method is-config="true" signature="takeScreenshot(org.testng.ITestResult)[pri:0, instance:com.webOrders.test.WebOrder_ViewAllOrders_Test@291a7e3c]" started-at="2024-10-03T09:15:12 IST" name="takeScreenshot" finished-at="2024-10-03T09:15:12 IST" duration-ms="0" status="PASS">
          <params>
            <param index="0">
              <value>
                <![CDATA[[TestResult name=verifyError status=SUCCESS method=WebOrder_ViewAllOrders_Test.verifyError(java.lang.String,java.lang.String,java.lang.String,java.lang.String,java.lang.String,java.lang.String,java.lang.String,java.lang.String,java.lang.String,java.lang.String,java.lang.String)[pri:5, instance:com.webOrders.test.WebOrder_ViewAllOrders_Test@291a7e3c] output={null}]]]>
              </value>
            </param>
          </params>
          <reporter-output>
          </reporter-output>
        </test-method> <!-- takeScreenshot -->
        <test-method signature="verifyError(java.lang.String,java.lang.String,java.lang.String,java.lang.String,java.lang.String,java.lang.String,java.lang.String,java.lang.String,java.lang.String,java.lang.String,java.lang.String)[pri:5, instance:com.webOrders.test.WebOrder_ViewAllOrders_Test@291a7e3c]" started-at="2024-10-03T09:15:12 IST" name="verifyError" description="Validate error is displayed while editing an order with invalid Data" data-provider="Update Order Form Error" finished-at="2024-10-03T09:15:13 IST" duration-ms="962" status="PASS">
          <params>
            <param index="0">
              <value>
                <![CDATA[MyMoney]]>
              </value>
            </param>
            <param index="1">
              <value>
                <![CDATA[5]]>
              </value>
            </param>
            <param index="2">
              <value>
                <![CDATA[Minh]]>
              </value>
            </param>
            <param index="3">
              <value>
                <![CDATA[123 Main St]]>
              </value>
            </param>
            <param index="4">
              <value>
                <![CDATA[Dallas]]>
              </value>
            </param>
            <param index="5">
              <value>
                <![CDATA[IL]]>
              </value>
            </param>
            <param index="6">
              <value>
                <![CDATA[75000]]>
              </value>
            </param>
            <param index="7">
              <value>
                <![CDATA[Visa]]>
              </value>
            </param>
            <param index="8">
              <value>
                <![CDATA[abcdef]]>
              </value>
            </param>
            <param index="9">
              <value>
                <![CDATA[12/29]]>
              </value>
            </param>
            <param index="10">
              <value>
                <![CDATA[invalid_cardnr]]>
              </value>
            </param>
          </params>
          <reporter-output>
          </reporter-output>
        </test-method> <!-- verifyError -->
        <test-method signature="verifyError(java.lang.String,java.lang.String,java.lang.String,java.lang.String,java.lang.String,java.lang.String,java.lang.String,java.lang.String,java.lang.String,java.lang.String,java.lang.String)[pri:5, instance:com.webOrders.test.WebOrder_ViewAllOrders_Test@291a7e3c]" started-at="2024-10-03T09:15:13 IST" name="verifyError" description="Validate error is displayed while editing an order with invalid Data" data-provider="Update Order Form Error" finished-at="2024-10-03T09:15:14 IST" duration-ms="959" status="PASS">
          <params>
            <param index="0">
              <value>
                <![CDATA[MyMoney]]>
              </value>
            </param>
            <param index="1">
              <value>
                <![CDATA[5]]>
              </value>
            </param>
            <param index="2">
              <value>
                <![CDATA[Minh]]>
              </value>
            </param>
            <param index="3">
              <value>
                <![CDATA[123 Main St]]>
              </value>
            </param>
            <param index="4">
              <value>
                <![CDATA[Dallas]]>
              </value>
            </param>
            <param index="5">
              <value>
                <![CDATA[IL]]>
              </value>
            </param>
            <param index="6">
              <value>
                <![CDATA[75000]]>
              </value>
            </param>
            <param index="7">
              <value>
                <![CDATA[Visa]]>
              </value>
            </param>
            <param index="8">
              <value>
                <![CDATA[123456789]]>
              </value>
            </param>
            <param index="9">
              <value>
                <![CDATA[]]>
              </value>
            </param>
            <param index="10">
              <value>
                <![CDATA[empty_expdate]]>
              </value>
            </param>
          </params>
          <reporter-output>
          </reporter-output>
        </test-method> <!-- verifyError -->
        <test-method is-config="true" signature="takeScreenshot(org.testng.ITestResult)[pri:0, instance:com.webOrders.test.WebOrder_ViewAllOrders_Test@291a7e3c]" started-at="2024-10-03T09:15:13 IST" name="takeScreenshot" finished-at="2024-10-03T09:15:13 IST" duration-ms="0" status="PASS">
          <params>
            <param index="0">
              <value>
                <![CDATA[[TestResult name=verifyError status=SUCCESS method=WebOrder_ViewAllOrders_Test.verifyError(java.lang.String,java.lang.String,java.lang.String,java.lang.String,java.lang.String,java.lang.String,java.lang.String,java.lang.String,java.lang.String,java.lang.String,java.lang.String)[pri:5, instance:com.webOrders.test.WebOrder_ViewAllOrders_Test@291a7e3c] output={null}]]]>
              </value>
            </param>
          </params>
          <reporter-output>
          </reporter-output>
        </test-method> <!-- takeScreenshot -->
        <test-method is-config="true" signature="takeScreenshot(org.testng.ITestResult)[pri:0, instance:com.webOrders.test.WebOrder_ViewAllOrders_Test@291a7e3c]" started-at="2024-10-03T09:15:14 IST" name="takeScreenshot" finished-at="2024-10-03T09:15:14 IST" duration-ms="0" status="PASS">
          <params>
            <param index="0">
              <value>
                <![CDATA[[TestResult name=verifyError status=SUCCESS method=WebOrder_ViewAllOrders_Test.verifyError(java.lang.String,java.lang.String,java.lang.String,java.lang.String,java.lang.String,java.lang.String,java.lang.String,java.lang.String,java.lang.String,java.lang.String,java.lang.String)[pri:5, instance:com.webOrders.test.WebOrder_ViewAllOrders_Test@291a7e3c] output={null}]]]>
              </value>
            </param>
          </params>
          <reporter-output>
          </reporter-output>
        </test-method> <!-- takeScreenshot -->
        <test-method signature="verifyError(java.lang.String,java.lang.String,java.lang.String,java.lang.String,java.lang.String,java.lang.String,java.lang.String,java.lang.String,java.lang.String,java.lang.String,java.lang.String)[pri:5, instance:com.webOrders.test.WebOrder_ViewAllOrders_Test@291a7e3c]" started-at="2024-10-03T09:15:14 IST" name="verifyError" description="Validate error is displayed while editing an order with invalid Data" data-provider="Update Order Form Error" finished-at="2024-10-03T09:15:15 IST" duration-ms="857" status="PASS">
          <params>
            <param index="0">
              <value>
                <![CDATA[MyMoney]]>
              </value>
            </param>
            <param index="1">
              <value>
                <![CDATA[5]]>
              </value>
            </param>
            <param index="2">
              <value>
                <![CDATA[Minh]]>
              </value>
            </param>
            <param index="3">
              <value>
                <![CDATA[123 Main St]]>
              </value>
            </param>
            <param index="4">
              <value>
                <![CDATA[Dallas]]>
              </value>
            </param>
            <param index="5">
              <value>
                <![CDATA[IL]]>
              </value>
            </param>
            <param index="6">
              <value>
                <![CDATA[75000]]>
              </value>
            </param>
            <param index="7">
              <value>
                <![CDATA[Visa]]>
              </value>
            </param>
            <param index="8">
              <value>
                <![CDATA[123456789]]>
              </value>
            </param>
            <param index="9">
              <value>
                <![CDATA[abcdef]]>
              </value>
            </param>
            <param index="10">
              <value>
                <![CDATA[invalid_date]]>
              </value>
            </param>
          </params>
          <reporter-output>
          </reporter-output>
        </test-method> <!-- verifyError -->
        <test-method is-config="true" signature="takeScreenshot(org.testng.ITestResult)[pri:0, instance:com.webOrders.test.WebOrder_ViewAllOrders_Test@291a7e3c]" started-at="2024-10-03T09:15:15 IST" name="takeScreenshot" finished-at="2024-10-03T09:15:15 IST" duration-ms="1" status="PASS">
          <params>
            <param index="0">
              <value>
                <![CDATA[[TestResult name=verifyError status=SUCCESS method=WebOrder_ViewAllOrders_Test.verifyError(java.lang.String,java.lang.String,java.lang.String,java.lang.String,java.lang.String,java.lang.String,java.lang.String,java.lang.String,java.lang.String,java.lang.String,java.lang.String)[pri:5, instance:com.webOrders.test.WebOrder_ViewAllOrders_Test@291a7e3c] output={null}]]]>
              </value>
            </param>
          </params>
          <reporter-output>
          </reporter-output>
        </test-method> <!-- takeScreenshot -->
        <test-method signature="verifyError(java.lang.String,java.lang.String,java.lang.String,java.lang.String,java.lang.String,java.lang.String,java.lang.String,java.lang.String,java.lang.String,java.lang.String,java.lang.String)[pri:5, instance:com.webOrders.test.WebOrder_ViewAllOrders_Test@291a7e3c]" started-at="2024-10-03T09:15:15 IST" name="verifyError" description="Validate error is displayed while editing an order with invalid Data" data-provider="Update Order Form Error" finished-at="2024-10-03T09:15:16 IST" duration-ms="843" status="PASS">
          <params>
            <param index="0">
              <value>
                <![CDATA[MyMoney]]>
              </value>
            </param>
            <param index="1">
              <value>
                <![CDATA[5]]>
              </value>
            </param>
            <param index="2">
              <value>
                <![CDATA[Minh]]>
              </value>
            </param>
            <param index="3">
              <value>
                <![CDATA[123 Main St]]>
              </value>
            </param>
            <param index="4">
              <value>
                <![CDATA[Dallas]]>
              </value>
            </param>
            <param index="5">
              <value>
                <![CDATA[IL]]>
              </value>
            </param>
            <param index="6">
              <value>
                <![CDATA[75000]]>
              </value>
            </param>
            <param index="7">
              <value>
                <![CDATA[Visa]]>
              </value>
            </param>
            <param index="8">
              <value>
                <![CDATA[123456789]]>
              </value>
            </param>
            <param index="9">
              <value>
                <![CDATA[12-23]]>
              </value>
            </param>
            <param index="10">
              <value>
                <![CDATA[invalid_date]]>
              </value>
            </param>
          </params>
          <reporter-output>
          </reporter-output>
        </test-method> <!-- verifyError -->
        <test-method is-config="true" signature="takeScreenshot(org.testng.ITestResult)[pri:0, instance:com.webOrders.test.WebOrder_ViewAllOrders_Test@291a7e3c]" started-at="2024-10-03T09:15:16 IST" name="takeScreenshot" finished-at="2024-10-03T09:15:16 IST" duration-ms="0" status="PASS">
          <params>
            <param index="0">
              <value>
                <![CDATA[[TestResult name=verifyError status=SUCCESS method=WebOrder_ViewAllOrders_Test.verifyError(java.lang.String,java.lang.String,java.lang.String,java.lang.String,java.lang.String,java.lang.String,java.lang.String,java.lang.String,java.lang.String,java.lang.String,java.lang.String)[pri:5, instance:com.webOrders.test.WebOrder_ViewAllOrders_Test@291a7e3c] output={null}]]]>
              </value>
            </param>
          </params>
          <reporter-output>
          </reporter-output>
        </test-method> <!-- takeScreenshot -->
        <test-method is-config="true" signature="tearDown()[pri:0, instance:com.webOrders.test.WebOrder_ViewAllOrders_Test@291a7e3c]" started-at="2024-10-03T09:15:16 IST" name="tearDown" finished-at="2024-10-03T09:15:18 IST" duration-ms="1168" status="PASS">
          <reporter-output>
          </reporter-output>
        </test-method> <!-- tearDown -->
      </class> <!-- com.webOrders.test.WebOrder_ViewAllOrders_Test -->
      <class name="com.webOrders.test.WebOrders_Login">
        <test-method is-config="true" signature="SetUp(java.lang.String)[pri:0, instance:com.webOrders.test.WebOrders_Login@5f354bcf]" started-at="2024-10-03T09:11:42 IST" name="SetUp" finished-at="2024-10-03T09:11:42 IST" duration-ms="9" status="PASS">
          <params>
            <param index="0">
              <value>
                <![CDATA[chrome]]>
              </value>
            </param>
          </params>
          <reporter-output>
          </reporter-output>
        </test-method> <!-- SetUp -->
        <test-method is-config="true" signature="initializeTestBaseSetup(java.lang.String,java.lang.String)[pri:0, instance:com.webOrders.test.WebOrders_Login@5f354bcf]" started-at="2024-10-03T09:11:42 IST" name="initializeTestBaseSetup" finished-at="2024-10-03T09:12:39 IST" duration-ms="56697" status="PASS">
          <params>
            <param index="0">
              <value>
                <![CDATA[chrome]]>
              </value>
            </param>
            <param index="1">
              <value>
                <![CDATA[http://secure.smartbearsoftware.com/samples/TestComplete11/WebOrders/Login.aspx?ReturnUrl=%2fsamples%2fTestComplete11%2fWebOrders%2fDefault.aspx]]>
              </value>
            </param>
          </params>
          <reporter-output>
          </reporter-output>
        </test-method> <!-- initializeTestBaseSetup -->
        <test-method is-config="true" signature="setUp()[pri:0, instance:com.webOrders.test.WebOrders_Login@5f354bcf]" started-at="2024-10-03T09:12:39 IST" name="setUp" finished-at="2024-10-03T09:12:39 IST" duration-ms="22" status="PASS">
          <reporter-output>
          </reporter-output>
        </test-method> <!-- setUp -->
        <test-method signature="loginTest()[pri:1, instance:com.webOrders.test.WebOrders_Login@5f354bcf]" started-at="2024-10-03T09:12:39 IST" name="loginTest" description="Login and validate the WebOrder Homepage Text" finished-at="2024-10-03T09:12:48 IST" duration-ms="9043" status="PASS">
          <reporter-output>
          </reporter-output>
        </test-method> <!-- loginTest -->
        <test-method is-config="true" signature="takeScreenshot(org.testng.ITestResult)[pri:0, instance:com.webOrders.test.WebOrders_Login@5f354bcf]" started-at="2024-10-03T09:12:48 IST" name="takeScreenshot" finished-at="2024-10-03T09:12:48 IST" duration-ms="5" status="PASS">
          <params>
            <param index="0">
              <value>
                <![CDATA[[TestResult name=loginTest status=SUCCESS method=WebOrders_Login.loginTest()[pri:1, instance:com.webOrders.test.WebOrders_Login@5f354bcf] output={null}]]]>
              </value>
            </param>
          </params>
          <reporter-output>
          </reporter-output>
        </test-method> <!-- takeScreenshot -->
        <test-method signature="urlTest()[pri:2, instance:com.webOrders.test.WebOrders_Login@5f354bcf]" started-at="2024-10-03T09:12:48 IST" name="urlTest" description="validateURL() method call for URL verification" finished-at="2024-10-03T09:12:57 IST" duration-ms="8212" status="PASS">
          <reporter-output>
          </reporter-output>
        </test-method> <!-- urlTest -->
        <test-method is-config="true" signature="takeScreenshot(org.testng.ITestResult)[pri:0, instance:com.webOrders.test.WebOrders_Login@5f354bcf]" started-at="2024-10-03T09:12:57 IST" name="takeScreenshot" finished-at="2024-10-03T09:12:57 IST" duration-ms="0" status="PASS">
          <params>
            <param index="0">
              <value>
                <![CDATA[[TestResult name=urlTest status=SUCCESS method=WebOrders_Login.urlTest()[pri:2, instance:com.webOrders.test.WebOrders_Login@5f354bcf] output={null}]]]>
              </value>
            </param>
          </params>
          <reporter-output>
          </reporter-output>
        </test-method> <!-- takeScreenshot -->
        <test-method signature="verifyText()[pri:3, instance:com.webOrders.test.WebOrders_Login@5f354bcf]" started-at="2024-10-03T09:12:57 IST" name="verifyText" description="validateURL() method call for URL verification" finished-at="2024-10-03T09:13:05 IST" duration-ms="8683" status="PASS">
          <reporter-output>
          </reporter-output>
        </test-method> <!-- verifyText -->
        <test-method is-config="true" signature="takeScreenshot(org.testng.ITestResult)[pri:0, instance:com.webOrders.test.WebOrders_Login@5f354bcf]" started-at="2024-10-03T09:13:05 IST" name="takeScreenshot" finished-at="2024-10-03T09:13:05 IST" duration-ms="0" status="PASS">
          <params>
            <param index="0">
              <value>
                <![CDATA[[TestResult name=verifyText status=SUCCESS method=WebOrders_Login.verifyText()[pri:3, instance:com.webOrders.test.WebOrders_Login@5f354bcf] output={null}]]]>
              </value>
            </param>
          </params>
          <reporter-output>
          </reporter-output>
        </test-method> <!-- takeScreenshot -->
        <test-method is-config="true" signature="tearDown()[pri:0, instance:com.webOrders.test.WebOrders_Login@5f354bcf]" started-at="2024-10-03T09:13:05 IST" name="tearDown" finished-at="2024-10-03T09:13:07 IST" duration-ms="1551" status="PASS">
          <reporter-output>
          </reporter-output>
        </test-method> <!-- tearDown -->
      </class> <!-- com.webOrders.test.WebOrders_Login -->
    </test> <!-- test-1 -->
  </suite> <!-- WebOrder Page Object Model TestNGDemo -->
</testng-results>
