<?xml version="1.0" encoding="UTF-8"?>
<testng-results ignored="3" total="37" passed="34" failed="0" skipped="0">
  <reporter-output>
  </reporter-output>
  <suite started-at="2025-03-07T15:08:08 IST" name="WebOrder Page Object Model TestNGDemo" finished-at="2025-03-07T15:10:53 IST" duration-ms="165171">
    <groups>
    </groups>
    <test started-at="2025-03-07T15:08:08 IST" name="test-1" finished-at="2025-03-07T15:10:53 IST" duration-ms="165171">
      <class name="com.webOrders.test.WebOrder_Order_Test">
        <test-method is-config="true" signature="initializeTestBaseSetup(java.lang.String,java.lang.String)[pri:0, instance:com.webOrders.test.WebOrder_Order_Test@291a7e3c]" started-at="2025-03-07T15:08:40 IST" name="initializeTestBaseSetup" finished-at="2025-03-07T15:08:43 IST" duration-ms="3355" status="PASS">
          <params>
            <param index="0">
              <value>
                <![CDATA[chrome]]>
              </value>
            </param>
            <param index="1">
              <value>
                <![CDATA[http://secure.smartbearsoftware.com/samples/TestComplete11/WebOrders/Login.aspx?ReturnUrl=%2fsamples%2fTestComplete11%2fWebOrders%2fDefault.aspx]]>
              </value>
            </param>
          </params>
          <reporter-output>
          </reporter-output>
        </test-method> <!-- initializeTestBaseSetup -->
        <test-method is-config="true" signature="setUp()[pri:0, instance:com.webOrders.test.WebOrder_Order_Test@291a7e3c]" started-at="2025-03-07T15:08:43 IST" name="setUp" finished-at="2025-03-07T15:08:43 IST" duration-ms="2" status="PASS">
          <reporter-output>
          </reporter-output>
        </test-method> <!-- setUp -->
        <test-method signature="createAndVerifyOrder(java.lang.String,java.lang.String,java.lang.String,java.lang.String,java.lang.String,java.lang.String,java.lang.String,java.lang.String,java.lang.String,java.lang.String,java.lang.String)[pri:2, instance:com.webOrders.test.WebOrder_Order_Test@291a7e3c]" started-at="2025-03-07T15:08:44 IST" name="createAndVerifyOrder" description="create and verify new Orders" data-provider="OrdersExcelData" finished-at="2025-03-07T15:08:52 IST" duration-ms="8220" status="PASS">
          <params>
            <param index="0">
              <value>
                <![CDATA[MyMoney]]>
              </value>
            </param>
            <param index="1">
              <value>
                <![CDATA[1]]>
              </value>
            </param>
            <param index="2">
              <value>
                <![CDATA[Vineet]]>
              </value>
            </param>
            <param index="3">
              <value>
                <![CDATA[123 main St]]>
              </value>
            </param>
            <param index="4">
              <value>
                <![CDATA[Dallas]]>
              </value>
            </param>
            <param index="5">
              <value>
                <![CDATA[ABC]]>
              </value>
            </param>
            <param index="6">
              <value>
                <![CDATA[10101]]>
              </value>
            </param>
            <param index="7">
              <value>
                <![CDATA[Visa]]>
              </value>
            </param>
            <param index="8">
              <value>
                <![CDATA[231232]]>
              </value>
            </param>
            <param index="9">
              <value>
                <![CDATA[12/29]]>
              </value>
            </param>
            <param index="10">
              <value>
                <![CDATA[success]]>
              </value>
            </param>
          </params>
          <reporter-output>
          </reporter-output>
        </test-method> <!-- createAndVerifyOrder -->
        <test-method is-config="true" signature="takeScreenshot(org.testng.ITestResult)[pri:0, instance:com.webOrders.test.WebOrder_Order_Test@291a7e3c]" started-at="2025-03-07T15:08:53 IST" name="takeScreenshot" finished-at="2025-03-07T15:08:53 IST" duration-ms="1" status="PASS">
          <params>
            <param index="0">
              <value>
                <![CDATA[[TestResult name=createAndVerifyOrder status=SUCCESS method=WebOrder_Order_Test.createAndVerifyOrder(java.lang.String,java.lang.String,java.lang.String,java.lang.String,java.lang.String,java.lang.String,java.lang.String,java.lang.String,java.lang.String,java.lang.String,java.lang.String)[pri:2, instance:com.webOrders.test.WebOrder_Order_Test@291a7e3c] output={null}]]]>
              </value>
            </param>
          </params>
          <reporter-output>
          </reporter-output>
        </test-method> <!-- takeScreenshot -->
        <test-method signature="createAndVerifyOrder(java.lang.String,java.lang.String,java.lang.String,java.lang.String,java.lang.String,java.lang.String,java.lang.String,java.lang.String,java.lang.String,java.lang.String,java.lang.String)[pri:2, instance:com.webOrders.test.WebOrder_Order_Test@291a7e3c]" started-at="2025-03-07T15:08:53 IST" name="createAndVerifyOrder" description="create and verify new Orders" data-provider="OrdersExcelData" finished-at="2025-03-07T15:09:01 IST" duration-ms="7918" status="PASS">
          <params>
            <param index="0">
              <value>
                <![CDATA[ScreenSaver]]>
              </value>
            </param>
            <param index="1">
              <value>
                <![CDATA[34]]>
              </value>
            </param>
            <param index="2">
              <value>
                <![CDATA[Vineet2]]>
              </value>
            </param>
            <param index="3">
              <value>
                <![CDATA[123 main St]]>
              </value>
            </param>
            <param index="4">
              <value>
                <![CDATA[NY City]]>
              </value>
            </param>
            <param index="5">
              <value>
                <![CDATA[ABC]]>
              </value>
            </param>
            <param index="6">
              <value>
                <![CDATA[90909]]>
              </value>
            </param>
            <param index="7">
              <value>
                <![CDATA[Visa]]>
              </value>
            </param>
            <param index="8">
              <value>
                <![CDATA[231232]]>
              </value>
            </param>
            <param index="9">
              <value>
                <![CDATA[12/29]]>
              </value>
            </param>
            <param index="10">
              <value>
                <![CDATA[success]]>
              </value>
            </param>
          </params>
          <reporter-output>
          </reporter-output>
        </test-method> <!-- createAndVerifyOrder -->
        <test-method is-config="true" signature="takeScreenshot(org.testng.ITestResult)[pri:0, instance:com.webOrders.test.WebOrder_Order_Test@291a7e3c]" started-at="2025-03-07T15:09:01 IST" name="takeScreenshot" finished-at="2025-03-07T15:09:01 IST" duration-ms="1" status="PASS">
          <params>
            <param index="0">
              <value>
                <![CDATA[[TestResult name=createAndVerifyOrder status=SUCCESS method=WebOrder_Order_Test.createAndVerifyOrder(java.lang.String,java.lang.String,java.lang.String,java.lang.String,java.lang.String,java.lang.String,java.lang.String,java.lang.String,java.lang.String,java.lang.String,java.lang.String)[pri:2, instance:com.webOrders.test.WebOrder_Order_Test@291a7e3c] output={null}]]]>
              </value>
            </param>
          </params>
          <reporter-output>
          </reporter-output>
        </test-method> <!-- takeScreenshot -->
        <test-method signature="createAndVerifyOrder(java.lang.String,java.lang.String,java.lang.String,java.lang.String,java.lang.String,java.lang.String,java.lang.String,java.lang.String,java.lang.String,java.lang.String,java.lang.String)[pri:2, instance:com.webOrders.test.WebOrder_Order_Test@291a7e3c]" started-at="2025-03-07T15:09:01 IST" name="createAndVerifyOrder" description="create and verify new Orders" data-provider="OrdersExcelData" finished-at="2025-03-07T15:09:17 IST" duration-ms="16056" status="PASS">
          <params>
            <param index="0">
              <value>
                <![CDATA[MyMoney]]>
              </value>
            </param>
            <param index="1">
              <value>
                <![CDATA[]]>
              </value>
            </param>
            <param index="2">
              <value>
                <![CDATA[Vineet]]>
              </value>
            </param>
            <param index="3">
              <value>
                <![CDATA[123 main St]]>
              </value>
            </param>
            <param index="4">
              <value>
                <![CDATA[Dallas]]>
              </value>
            </param>
            <param index="5">
              <value>
                <![CDATA[ABC]]>
              </value>
            </param>
            <param index="6">
              <value>
                <![CDATA[10101]]>
              </value>
            </param>
            <param index="7">
              <value>
                <![CDATA[Visa]]>
              </value>
            </param>
            <param index="8">
              <value>
                <![CDATA[231232]]>
              </value>
            </param>
            <param index="9">
              <value>
                <![CDATA[12/29]]>
              </value>
            </param>
            <param index="10">
              <value>
                <![CDATA[empty_quantity]]>
              </value>
            </param>
          </params>
          <reporter-output>
          </reporter-output>
        </test-method> <!-- createAndVerifyOrder -->
        <test-method signature="createAndVerifyOrder(java.lang.String,java.lang.String,java.lang.String,java.lang.String,java.lang.String,java.lang.String,java.lang.String,java.lang.String,java.lang.String,java.lang.String,java.lang.String)[pri:2, instance:com.webOrders.test.WebOrder_Order_Test@291a7e3c]" started-at="2025-03-07T15:09:17 IST" name="createAndVerifyOrder" description="create and verify new Orders" data-provider="OrdersExcelData" finished-at="2025-03-07T15:09:23 IST" duration-ms="6027" status="PASS">
          <params>
            <param index="0">
              <value>
                <![CDATA[ScreenSaver]]>
              </value>
            </param>
            <param index="1">
              <value>
                <![CDATA[0]]>
              </value>
            </param>
            <param index="2">
              <value>
                <![CDATA[Vineet2]]>
              </value>
            </param>
            <param index="3">
              <value>
                <![CDATA[123 main St]]>
              </value>
            </param>
            <param index="4">
              <value>
                <![CDATA[NY City]]>
              </value>
            </param>
            <param index="5">
              <value>
                <![CDATA[ABC]]>
              </value>
            </param>
            <param index="6">
              <value>
                <![CDATA[90909]]>
              </value>
            </param>
            <param index="7">
              <value>
                <![CDATA[Visa]]>
              </value>
            </param>
            <param index="8">
              <value>
                <![CDATA[231232]]>
              </value>
            </param>
            <param index="9">
              <value>
                <![CDATA[12/29]]>
              </value>
            </param>
            <param index="10">
              <value>
                <![CDATA[invalid_quantity]]>
              </value>
            </param>
          </params>
          <reporter-output>
          </reporter-output>
        </test-method> <!-- createAndVerifyOrder -->
        <test-method is-config="true" signature="takeScreenshot(org.testng.ITestResult)[pri:0, instance:com.webOrders.test.WebOrder_Order_Test@291a7e3c]" started-at="2025-03-07T15:09:17 IST" name="takeScreenshot" finished-at="2025-03-07T15:09:17 IST" duration-ms="0" status="PASS">
          <params>
            <param index="0">
              <value>
                <![CDATA[[TestResult name=createAndVerifyOrder status=SUCCESS method=WebOrder_Order_Test.createAndVerifyOrder(java.lang.String,java.lang.String,java.lang.String,java.lang.String,java.lang.String,java.lang.String,java.lang.String,java.lang.String,java.lang.String,java.lang.String,java.lang.String)[pri:2, instance:com.webOrders.test.WebOrder_Order_Test@291a7e3c] output={null}]]]>
              </value>
            </param>
          </params>
          <reporter-output>
          </reporter-output>
        </test-method> <!-- takeScreenshot -->
        <test-method is-config="true" signature="takeScreenshot(org.testng.ITestResult)[pri:0, instance:com.webOrders.test.WebOrder_Order_Test@291a7e3c]" started-at="2025-03-07T15:09:23 IST" name="takeScreenshot" finished-at="2025-03-07T15:09:23 IST" duration-ms="0" status="PASS">
          <params>
            <param index="0">
              <value>
                <![CDATA[[TestResult name=createAndVerifyOrder status=SUCCESS method=WebOrder_Order_Test.createAndVerifyOrder(java.lang.String,java.lang.String,java.lang.String,java.lang.String,java.lang.String,java.lang.String,java.lang.String,java.lang.String,java.lang.String,java.lang.String,java.lang.String)[pri:2, instance:com.webOrders.test.WebOrder_Order_Test@291a7e3c] output={null}]]]>
              </value>
            </param>
          </params>
          <reporter-output>
          </reporter-output>
        </test-method> <!-- takeScreenshot -->
        <test-method signature="createAndVerifyOrder(java.lang.String,java.lang.String,java.lang.String,java.lang.String,java.lang.String,java.lang.String,java.lang.String,java.lang.String,java.lang.String,java.lang.String,java.lang.String)[pri:2, instance:com.webOrders.test.WebOrder_Order_Test@291a7e3c]" started-at="2025-03-07T15:09:23 IST" name="createAndVerifyOrder" description="create and verify new Orders" data-provider="OrdersExcelData" finished-at="2025-03-07T15:09:29 IST" duration-ms="5819" status="PASS">
          <params>
            <param index="0">
              <value>
                <![CDATA[MyMoney]]>
              </value>
            </param>
            <param index="1">
              <value>
                <![CDATA[1]]>
              </value>
            </param>
            <param index="2">
              <value>
                <![CDATA[ ]]>
              </value>
            </param>
            <param index="3">
              <value>
                <![CDATA[123 main St]]>
              </value>
            </param>
            <param index="4">
              <value>
                <![CDATA[Dallas]]>
              </value>
            </param>
            <param index="5">
              <value>
                <![CDATA[ABC]]>
              </value>
            </param>
            <param index="6">
              <value>
                <![CDATA[10101]]>
              </value>
            </param>
            <param index="7">
              <value>
                <![CDATA[Visa]]>
              </value>
            </param>
            <param index="8">
              <value>
                <![CDATA[231232]]>
              </value>
            </param>
            <param index="9">
              <value>
                <![CDATA[12/29]]>
              </value>
            </param>
            <param index="10">
              <value>
                <![CDATA[empty_name]]>
              </value>
            </param>
          </params>
          <reporter-output>
          </reporter-output>
        </test-method> <!-- createAndVerifyOrder -->
        <test-method signature="createAndVerifyOrder(java.lang.String,java.lang.String,java.lang.String,java.lang.String,java.lang.String,java.lang.String,java.lang.String,java.lang.String,java.lang.String,java.lang.String,java.lang.String)[pri:2, instance:com.webOrders.test.WebOrder_Order_Test@291a7e3c]" started-at="2025-03-07T15:09:29 IST" name="createAndVerifyOrder" description="create and verify new Orders" data-provider="OrdersExcelData" finished-at="2025-03-07T15:09:35 IST" duration-ms="5980" status="PASS">
          <params>
            <param index="0">
              <value>
                <![CDATA[MyMoney]]>
              </value>
            </param>
            <param index="1">
              <value>
                <![CDATA[1]]>
              </value>
            </param>
            <param index="2">
              <value>
                <![CDATA[Vineet]]>
              </value>
            </param>
            <param index="3">
              <value>
                <![CDATA[ ]]>
              </value>
            </param>
            <param index="4">
              <value>
                <![CDATA[Dallas]]>
              </value>
            </param>
            <param index="5">
              <value>
                <![CDATA[ABC]]>
              </value>
            </param>
            <param index="6">
              <value>
                <![CDATA[10101]]>
              </value>
            </param>
            <param index="7">
              <value>
                <![CDATA[Visa]]>
              </value>
            </param>
            <param index="8">
              <value>
                <![CDATA[231232]]>
              </value>
            </param>
            <param index="9">
              <value>
                <![CDATA[12/29]]>
              </value>
            </param>
            <param index="10">
              <value>
                <![CDATA[empty_street]]>
              </value>
            </param>
          </params>
          <reporter-output>
          </reporter-output>
        </test-method> <!-- createAndVerifyOrder -->
        <test-method is-config="true" signature="takeScreenshot(org.testng.ITestResult)[pri:0, instance:com.webOrders.test.WebOrder_Order_Test@291a7e3c]" started-at="2025-03-07T15:09:29 IST" name="takeScreenshot" finished-at="2025-03-07T15:09:29 IST" duration-ms="0" status="PASS">
          <params>
            <param index="0">
              <value>
                <![CDATA[[TestResult name=createAndVerifyOrder status=SUCCESS method=WebOrder_Order_Test.createAndVerifyOrder(java.lang.String,java.lang.String,java.lang.String,java.lang.String,java.lang.String,java.lang.String,java.lang.String,java.lang.String,java.lang.String,java.lang.String,java.lang.String)[pri:2, instance:com.webOrders.test.WebOrder_Order_Test@291a7e3c] output={null}]]]>
              </value>
            </param>
          </params>
          <reporter-output>
          </reporter-output>
        </test-method> <!-- takeScreenshot -->
        <test-method signature="createAndVerifyOrder(java.lang.String,java.lang.String,java.lang.String,java.lang.String,java.lang.String,java.lang.String,java.lang.String,java.lang.String,java.lang.String,java.lang.String,java.lang.String)[pri:2, instance:com.webOrders.test.WebOrder_Order_Test@291a7e3c]" started-at="2025-03-07T15:09:35 IST" name="createAndVerifyOrder" description="create and verify new Orders" data-provider="OrdersExcelData" finished-at="2025-03-07T15:09:41 IST" duration-ms="5858" status="PASS">
          <params>
            <param index="0">
              <value>
                <![CDATA[ScreenSaver]]>
              </value>
            </param>
            <param index="1">
              <value>
                <![CDATA[34]]>
              </value>
            </param>
            <param index="2">
              <value>
                <![CDATA[Vineet2]]>
              </value>
            </param>
            <param index="3">
              <value>
                <![CDATA[123 main St]]>
              </value>
            </param>
            <param index="4">
              <value>
                <![CDATA[ ]]>
              </value>
            </param>
            <param index="5">
              <value>
                <![CDATA[ABC]]>
              </value>
            </param>
            <param index="6">
              <value>
                <![CDATA[90909]]>
              </value>
            </param>
            <param index="7">
              <value>
                <![CDATA[Visa]]>
              </value>
            </param>
            <param index="8">
              <value>
                <![CDATA[231232]]>
              </value>
            </param>
            <param index="9">
              <value>
                <![CDATA[12/29]]>
              </value>
            </param>
            <param index="10">
              <value>
                <![CDATA[empty_city]]>
              </value>
            </param>
          </params>
          <reporter-output>
          </reporter-output>
        </test-method> <!-- createAndVerifyOrder -->
        <test-method is-config="true" signature="takeScreenshot(org.testng.ITestResult)[pri:0, instance:com.webOrders.test.WebOrder_Order_Test@291a7e3c]" started-at="2025-03-07T15:09:35 IST" name="takeScreenshot" finished-at="2025-03-07T15:09:35 IST" duration-ms="0" status="PASS">
          <params>
            <param index="0">
              <value>
                <![CDATA[[TestResult name=createAndVerifyOrder status=SUCCESS method=WebOrder_Order_Test.createAndVerifyOrder(java.lang.String,java.lang.String,java.lang.String,java.lang.String,java.lang.String,java.lang.String,java.lang.String,java.lang.String,java.lang.String,java.lang.String,java.lang.String)[pri:2, instance:com.webOrders.test.WebOrder_Order_Test@291a7e3c] output={null}]]]>
              </value>
            </param>
          </params>
          <reporter-output>
          </reporter-output>
        </test-method> <!-- takeScreenshot -->
        <test-method is-config="true" signature="takeScreenshot(org.testng.ITestResult)[pri:0, instance:com.webOrders.test.WebOrder_Order_Test@291a7e3c]" started-at="2025-03-07T15:09:41 IST" name="takeScreenshot" finished-at="2025-03-07T15:09:41 IST" duration-ms="0" status="PASS">
          <params>
            <param index="0">
              <value>
                <![CDATA[[TestResult name=createAndVerifyOrder status=SUCCESS method=WebOrder_Order_Test.createAndVerifyOrder(java.lang.String,java.lang.String,java.lang.String,java.lang.String,java.lang.String,java.lang.String,java.lang.String,java.lang.String,java.lang.String,java.lang.String,java.lang.String)[pri:2, instance:com.webOrders.test.WebOrder_Order_Test@291a7e3c] output={null}]]]>
              </value>
            </param>
          </params>
          <reporter-output>
          </reporter-output>
        </test-method> <!-- takeScreenshot -->
        <test-method signature="createAndVerifyOrder(java.lang.String,java.lang.String,java.lang.String,java.lang.String,java.lang.String,java.lang.String,java.lang.String,java.lang.String,java.lang.String,java.lang.String,java.lang.String)[pri:2, instance:com.webOrders.test.WebOrder_Order_Test@291a7e3c]" started-at="2025-03-07T15:09:41 IST" name="createAndVerifyOrder" description="create and verify new Orders" data-provider="OrdersExcelData" finished-at="2025-03-07T15:09:47 IST" duration-ms="5848" status="PASS">
          <params>
            <param index="0">
              <value>
                <![CDATA[MyMoney]]>
              </value>
            </param>
            <param index="1">
              <value>
                <![CDATA[1]]>
              </value>
            </param>
            <param index="2">
              <value>
                <![CDATA[Vineet]]>
              </value>
            </param>
            <param index="3">
              <value>
                <![CDATA[123 main St]]>
              </value>
            </param>
            <param index="4">
              <value>
                <![CDATA[Dallas]]>
              </value>
            </param>
            <param index="5">
              <value>
                <![CDATA[ABC]]>
              </value>
            </param>
            <param index="6">
              <value>
                <![CDATA[ ]]>
              </value>
            </param>
            <param index="7">
              <value>
                <![CDATA[Visa]]>
              </value>
            </param>
            <param index="8">
              <value>
                <![CDATA[231232]]>
              </value>
            </param>
            <param index="9">
              <value>
                <![CDATA[12/29]]>
              </value>
            </param>
            <param index="10">
              <value>
                <![CDATA[empty_zip]]>
              </value>
            </param>
          </params>
          <reporter-output>
          </reporter-output>
        </test-method> <!-- createAndVerifyOrder -->
        <test-method is-config="true" signature="takeScreenshot(org.testng.ITestResult)[pri:0, instance:com.webOrders.test.WebOrder_Order_Test@291a7e3c]" started-at="2025-03-07T15:09:47 IST" name="takeScreenshot" finished-at="2025-03-07T15:09:47 IST" duration-ms="1" status="PASS">
          <params>
            <param index="0">
              <value>
                <![CDATA[[TestResult name=createAndVerifyOrder status=SUCCESS method=WebOrder_Order_Test.createAndVerifyOrder(java.lang.String,java.lang.String,java.lang.String,java.lang.String,java.lang.String,java.lang.String,java.lang.String,java.lang.String,java.lang.String,java.lang.String,java.lang.String)[pri:2, instance:com.webOrders.test.WebOrder_Order_Test@291a7e3c] output={null}]]]>
              </value>
            </param>
          </params>
          <reporter-output>
          </reporter-output>
        </test-method> <!-- takeScreenshot -->
        <test-method signature="createAndVerifyOrder(java.lang.String,java.lang.String,java.lang.String,java.lang.String,java.lang.String,java.lang.String,java.lang.String,java.lang.String,java.lang.String,java.lang.String,java.lang.String)[pri:2, instance:com.webOrders.test.WebOrder_Order_Test@291a7e3c]" started-at="2025-03-07T15:09:47 IST" name="createAndVerifyOrder" description="create and verify new Orders" data-provider="OrdersExcelData" finished-at="2025-03-07T15:09:53 IST" duration-ms="5991" status="PASS">
          <params>
            <param index="0">
              <value>
                <![CDATA[ScreenSaver]]>
              </value>
            </param>
            <param index="1">
              <value>
                <![CDATA[34]]>
              </value>
            </param>
            <param index="2">
              <value>
                <![CDATA[Vineet2]]>
              </value>
            </param>
            <param index="3">
              <value>
                <![CDATA[123 main St]]>
              </value>
            </param>
            <param index="4">
              <value>
                <![CDATA[NY City]]>
              </value>
            </param>
            <param index="5">
              <value>
                <![CDATA[ABC]]>
              </value>
            </param>
            <param index="6">
              <value>
                <![CDATA[asdasds]]>
              </value>
            </param>
            <param index="7">
              <value>
                <![CDATA[Visa]]>
              </value>
            </param>
            <param index="8">
              <value>
                <![CDATA[231232]]>
              </value>
            </param>
            <param index="9">
              <value>
                <![CDATA[12/29]]>
              </value>
            </param>
            <param index="10">
              <value>
                <![CDATA[invalid_zip]]>
              </value>
            </param>
          </params>
          <reporter-output>
          </reporter-output>
        </test-method> <!-- createAndVerifyOrder -->
        <test-method signature="createAndVerifyOrder(java.lang.String,java.lang.String,java.lang.String,java.lang.String,java.lang.String,java.lang.String,java.lang.String,java.lang.String,java.lang.String,java.lang.String,java.lang.String)[pri:2, instance:com.webOrders.test.WebOrder_Order_Test@291a7e3c]" started-at="2025-03-07T15:09:53 IST" name="createAndVerifyOrder" description="create and verify new Orders" data-provider="OrdersExcelData" finished-at="2025-03-07T15:09:59 IST" duration-ms="5785" status="PASS">
          <params>
            <param index="0">
              <value>
                <![CDATA[MyMoney]]>
              </value>
            </param>
            <param index="1">
              <value>
                <![CDATA[1]]>
              </value>
            </param>
            <param index="2">
              <value>
                <![CDATA[Vineet]]>
              </value>
            </param>
            <param index="3">
              <value>
                <![CDATA[123 main St]]>
              </value>
            </param>
            <param index="4">
              <value>
                <![CDATA[Dallas]]>
              </value>
            </param>
            <param index="5">
              <value>
                <![CDATA[ABC]]>
              </value>
            </param>
            <param index="6">
              <value>
                <![CDATA[10101]]>
              </value>
            </param>
            <param index="7">
              <value>
                <![CDATA[Visa]]>
              </value>
            </param>
            <param index="8">
              <value>
                <![CDATA[ ]]>
              </value>
            </param>
            <param index="9">
              <value>
                <![CDATA[12/29]]>
              </value>
            </param>
            <param index="10">
              <value>
                <![CDATA[empty_cardnr]]>
              </value>
            </param>
          </params>
          <reporter-output>
          </reporter-output>
        </test-method> <!-- createAndVerifyOrder -->
        <test-method is-config="true" signature="takeScreenshot(org.testng.ITestResult)[pri:0, instance:com.webOrders.test.WebOrder_Order_Test@291a7e3c]" started-at="2025-03-07T15:09:53 IST" name="takeScreenshot" finished-at="2025-03-07T15:09:53 IST" duration-ms="0" status="PASS">
          <params>
            <param index="0">
              <value>
                <![CDATA[[TestResult name=createAndVerifyOrder status=SUCCESS method=WebOrder_Order_Test.createAndVerifyOrder(java.lang.String,java.lang.String,java.lang.String,java.lang.String,java.lang.String,java.lang.String,java.lang.String,java.lang.String,java.lang.String,java.lang.String,java.lang.String)[pri:2, instance:com.webOrders.test.WebOrder_Order_Test@291a7e3c] output={null}]]]>
              </value>
            </param>
          </params>
          <reporter-output>
          </reporter-output>
        </test-method> <!-- takeScreenshot -->
        <test-method is-config="true" signature="takeScreenshot(org.testng.ITestResult)[pri:0, instance:com.webOrders.test.WebOrder_Order_Test@291a7e3c]" started-at="2025-03-07T15:09:59 IST" name="takeScreenshot" finished-at="2025-03-07T15:09:59 IST" duration-ms="0" status="PASS">
          <params>
            <param index="0">
              <value>
                <![CDATA[[TestResult name=createAndVerifyOrder status=SUCCESS method=WebOrder_Order_Test.createAndVerifyOrder(java.lang.String,java.lang.String,java.lang.String,java.lang.String,java.lang.String,java.lang.String,java.lang.String,java.lang.String,java.lang.String,java.lang.String,java.lang.String)[pri:2, instance:com.webOrders.test.WebOrder_Order_Test@291a7e3c] output={null}]]]>
              </value>
            </param>
          </params>
          <reporter-output>
          </reporter-output>
        </test-method> <!-- takeScreenshot -->
        <test-method signature="createAndVerifyOrder(java.lang.String,java.lang.String,java.lang.String,java.lang.String,java.lang.String,java.lang.String,java.lang.String,java.lang.String,java.lang.String,java.lang.String,java.lang.String)[pri:2, instance:com.webOrders.test.WebOrder_Order_Test@291a7e3c]" started-at="2025-03-07T15:09:59 IST" name="createAndVerifyOrder" description="create and verify new Orders" data-provider="OrdersExcelData" finished-at="2025-03-07T15:10:05 IST" duration-ms="6020" status="PASS">
          <params>
            <param index="0">
              <value>
                <![CDATA[ScreenSaver]]>
              </value>
            </param>
            <param index="1">
              <value>
                <![CDATA[34]]>
              </value>
            </param>
            <param index="2">
              <value>
                <![CDATA[Vineet2]]>
              </value>
            </param>
            <param index="3">
              <value>
                <![CDATA[123 main St]]>
              </value>
            </param>
            <param index="4">
              <value>
                <![CDATA[NY City]]>
              </value>
            </param>
            <param index="5">
              <value>
                <![CDATA[ABC]]>
              </value>
            </param>
            <param index="6">
              <value>
                <![CDATA[90909]]>
              </value>
            </param>
            <param index="7">
              <value>
                <![CDATA[Visa]]>
              </value>
            </param>
            <param index="8">
              <value>
                <![CDATA[dsadsadsada]]>
              </value>
            </param>
            <param index="9">
              <value>
                <![CDATA[12/29]]>
              </value>
            </param>
            <param index="10">
              <value>
                <![CDATA[invalid_cardnr]]>
              </value>
            </param>
          </params>
          <reporter-output>
          </reporter-output>
        </test-method> <!-- createAndVerifyOrder -->
        <test-method is-config="true" signature="takeScreenshot(org.testng.ITestResult)[pri:0, instance:com.webOrders.test.WebOrder_Order_Test@291a7e3c]" started-at="2025-03-07T15:10:05 IST" name="takeScreenshot" finished-at="2025-03-07T15:10:05 IST" duration-ms="1" status="PASS">
          <params>
            <param index="0">
              <value>
                <![CDATA[[TestResult name=createAndVerifyOrder status=SUCCESS method=WebOrder_Order_Test.createAndVerifyOrder(java.lang.String,java.lang.String,java.lang.String,java.lang.String,java.lang.String,java.lang.String,java.lang.String,java.lang.String,java.lang.String,java.lang.String,java.lang.String)[pri:2, instance:com.webOrders.test.WebOrder_Order_Test@291a7e3c] output={null}]]]>
              </value>
            </param>
          </params>
          <reporter-output>
          </reporter-output>
        </test-method> <!-- takeScreenshot -->
        <test-method signature="createAndVerifyOrder(java.lang.String,java.lang.String,java.lang.String,java.lang.String,java.lang.String,java.lang.String,java.lang.String,java.lang.String,java.lang.String,java.lang.String,java.lang.String)[pri:2, instance:com.webOrders.test.WebOrder_Order_Test@291a7e3c]" started-at="2025-03-07T15:10:05 IST" name="createAndVerifyOrder" description="create and verify new Orders" data-provider="OrdersExcelData" finished-at="2025-03-07T15:10:11 IST" duration-ms="6097" status="PASS">
          <params>
            <param index="0">
              <value>
                <![CDATA[MyMoney]]>
              </value>
            </param>
            <param index="1">
              <value>
                <![CDATA[1]]>
              </value>
            </param>
            <param index="2">
              <value>
                <![CDATA[Vineet]]>
              </value>
            </param>
            <param index="3">
              <value>
                <![CDATA[123 main St]]>
              </value>
            </param>
            <param index="4">
              <value>
                <![CDATA[Dallas]]>
              </value>
            </param>
            <param index="5">
              <value>
                <![CDATA[ABC]]>
              </value>
            </param>
            <param index="6">
              <value>
                <![CDATA[10101]]>
              </value>
            </param>
            <param index="7">
              <value>
                <![CDATA[Visa]]>
              </value>
            </param>
            <param index="8">
              <value>
                <![CDATA[213213]]>
              </value>
            </param>
            <param index="9">
              <value>
                <![CDATA[ ]]>
              </value>
            </param>
            <param index="10">
              <value>
                <![CDATA[empty_expdate]]>
              </value>
            </param>
          </params>
          <reporter-output>
          </reporter-output>
        </test-method> <!-- createAndVerifyOrder -->
        <test-method is-config="true" signature="takeScreenshot(org.testng.ITestResult)[pri:0, instance:com.webOrders.test.WebOrder_Order_Test@291a7e3c]" started-at="2025-03-07T15:10:11 IST" name="takeScreenshot" finished-at="2025-03-07T15:10:11 IST" duration-ms="0" status="PASS">
          <params>
            <param index="0">
              <value>
                <![CDATA[[TestResult name=createAndVerifyOrder status=SUCCESS method=WebOrder_Order_Test.createAndVerifyOrder(java.lang.String,java.lang.String,java.lang.String,java.lang.String,java.lang.String,java.lang.String,java.lang.String,java.lang.String,java.lang.String,java.lang.String,java.lang.String)[pri:2, instance:com.webOrders.test.WebOrder_Order_Test@291a7e3c] output={null}]]]>
              </value>
            </param>
          </params>
          <reporter-output>
          </reporter-output>
        </test-method> <!-- takeScreenshot -->
        <test-method signature="createAndVerifyOrder(java.lang.String,java.lang.String,java.lang.String,java.lang.String,java.lang.String,java.lang.String,java.lang.String,java.lang.String,java.lang.String,java.lang.String,java.lang.String)[pri:2, instance:com.webOrders.test.WebOrder_Order_Test@291a7e3c]" started-at="2025-03-07T15:10:11 IST" name="createAndVerifyOrder" description="create and verify new Orders" data-provider="OrdersExcelData" finished-at="2025-03-07T15:10:17 IST" duration-ms="5696" status="PASS">
          <params>
            <param index="0">
              <value>
                <![CDATA[MyMoney]]>
              </value>
            </param>
            <param index="1">
              <value>
                <![CDATA[1]]>
              </value>
            </param>
            <param index="2">
              <value>
                <![CDATA[Vineet]]>
              </value>
            </param>
            <param index="3">
              <value>
                <![CDATA[123 main St]]>
              </value>
            </param>
            <param index="4">
              <value>
                <![CDATA[Dallas]]>
              </value>
            </param>
            <param index="5">
              <value>
                <![CDATA[ABC]]>
              </value>
            </param>
            <param index="6">
              <value>
                <![CDATA[10101]]>
              </value>
            </param>
            <param index="7">
              <value>
                <![CDATA[Visa]]>
              </value>
            </param>
            <param index="8">
              <value>
                <![CDATA[2132131]]>
              </value>
            </param>
            <param index="9">
              <value>
                <![CDATA[dsss]]>
              </value>
            </param>
            <param index="10">
              <value>
                <![CDATA[invalid_date]]>
              </value>
            </param>
          </params>
          <reporter-output>
          </reporter-output>
        </test-method> <!-- createAndVerifyOrder -->
        <test-method is-config="true" signature="takeScreenshot(org.testng.ITestResult)[pri:0, instance:com.webOrders.test.WebOrder_Order_Test@291a7e3c]" started-at="2025-03-07T15:10:17 IST" name="takeScreenshot" finished-at="2025-03-07T15:10:17 IST" duration-ms="1" status="PASS">
          <params>
            <param index="0">
              <value>
                <![CDATA[[TestResult name=createAndVerifyOrder status=SUCCESS method=WebOrder_Order_Test.createAndVerifyOrder(java.lang.String,java.lang.String,java.lang.String,java.lang.String,java.lang.String,java.lang.String,java.lang.String,java.lang.String,java.lang.String,java.lang.String,java.lang.String)[pri:2, instance:com.webOrders.test.WebOrder_Order_Test@291a7e3c] output={null}]]]>
              </value>
            </param>
          </params>
          <reporter-output>
          </reporter-output>
        </test-method> <!-- takeScreenshot -->
        <test-method signature="createAndVerifyOrder(java.lang.String,java.lang.String,java.lang.String,java.lang.String,java.lang.String,java.lang.String,java.lang.String,java.lang.String,java.lang.String,java.lang.String,java.lang.String)[pri:2, instance:com.webOrders.test.WebOrder_Order_Test@291a7e3c]" started-at="2025-03-07T15:10:17 IST" name="createAndVerifyOrder" description="create and verify new Orders" data-provider="OrdersExcelData" finished-at="2025-03-07T15:10:23 IST" duration-ms="5769" status="PASS">
          <params>
            <param index="0">
              <value>
                <![CDATA[ScreenSaver]]>
              </value>
            </param>
            <param index="1">
              <value>
                <![CDATA[34]]>
              </value>
            </param>
            <param index="2">
              <value>
                <![CDATA[Vineet2]]>
              </value>
            </param>
            <param index="3">
              <value>
                <![CDATA[123 main St]]>
              </value>
            </param>
            <param index="4">
              <value>
                <![CDATA[NY City]]>
              </value>
            </param>
            <param index="5">
              <value>
                <![CDATA[ABC]]>
              </value>
            </param>
            <param index="6">
              <value>
                <![CDATA[90909]]>
              </value>
            </param>
            <param index="7">
              <value>
                <![CDATA[Visa]]>
              </value>
            </param>
            <param index="8">
              <value>
                <![CDATA[123213123]]>
              </value>
            </param>
            <param index="9">
              <value>
                <![CDATA[12/29]]>
              </value>
            </param>
            <param index="10">
              <value>
                <![CDATA[invalid_date]]>
              </value>
            </param>
          </params>
          <reporter-output>
          </reporter-output>
        </test-method> <!-- createAndVerifyOrder -->
        <test-method is-config="true" signature="takeScreenshot(org.testng.ITestResult)[pri:0, instance:com.webOrders.test.WebOrder_Order_Test@291a7e3c]" started-at="2025-03-07T15:10:23 IST" name="takeScreenshot" finished-at="2025-03-07T15:10:23 IST" duration-ms="0" status="PASS">
          <params>
            <param index="0">
              <value>
                <![CDATA[[TestResult name=createAndVerifyOrder status=SUCCESS method=WebOrder_Order_Test.createAndVerifyOrder(java.lang.String,java.lang.String,java.lang.String,java.lang.String,java.lang.String,java.lang.String,java.lang.String,java.lang.String,java.lang.String,java.lang.String,java.lang.String)[pri:2, instance:com.webOrders.test.WebOrder_Order_Test@291a7e3c] output={null}]]]>
              </value>
            </param>
          </params>
          <reporter-output>
          </reporter-output>
        </test-method> <!-- takeScreenshot -->
        <test-method is-config="true" signature="tearDown()[pri:0, instance:com.webOrders.test.WebOrder_Order_Test@291a7e3c]" started-at="2025-03-07T15:10:23 IST" name="tearDown" finished-at="2025-03-07T15:10:24 IST" duration-ms="1250" status="PASS">
          <reporter-output>
          </reporter-output>
        </test-method> <!-- tearDown -->
      </class> <!-- com.webOrders.test.WebOrder_Order_Test -->
      <class name="com.webOrders.test.WebOrder_ViewAllOrders_Test">
        <test-method is-config="true" signature="initializeTestBaseSetup(java.lang.String,java.lang.String)[pri:0, instance:com.webOrders.test.WebOrder_ViewAllOrders_Test@3b7d3a38]" started-at="2025-03-07T15:10:24 IST" name="initializeTestBaseSetup" finished-at="2025-03-07T15:10:28 IST" duration-ms="3277" status="PASS">
          <params>
            <param index="0">
              <value>
                <![CDATA[chrome]]>
              </value>
            </param>
            <param index="1">
              <value>
                <![CDATA[http://secure.smartbearsoftware.com/samples/TestComplete11/WebOrders/Login.aspx?ReturnUrl=%2fsamples%2fTestComplete11%2fWebOrders%2fDefault.aspx]]>
              </value>
            </param>
          </params>
          <reporter-output>
          </reporter-output>
        </test-method> <!-- initializeTestBaseSetup -->
        <test-method is-config="true" signature="setUp()[pri:0, instance:com.webOrders.test.WebOrder_ViewAllOrders_Test@3b7d3a38]" started-at="2025-03-07T15:10:28 IST" name="setUp" finished-at="2025-03-07T15:10:28 IST" duration-ms="1" status="PASS">
          <reporter-output>
          </reporter-output>
        </test-method> <!-- setUp -->
        <test-method signature="verifyCheckAll()[pri:1, instance:com.webOrders.test.WebOrder_ViewAllOrders_Test@3b7d3a38]" started-at="2025-03-07T15:10:28 IST" name="verifyCheckAll" description="Validate check all button" finished-at="2025-03-07T15:10:30 IST" duration-ms="2737" status="PASS">
          <reporter-output>
          </reporter-output>
        </test-method> <!-- verifyCheckAll -->
        <test-method is-config="true" signature="takeScreenshot(org.testng.ITestResult)[pri:0, instance:com.webOrders.test.WebOrder_ViewAllOrders_Test@3b7d3a38]" started-at="2025-03-07T15:10:30 IST" name="takeScreenshot" finished-at="2025-03-07T15:10:30 IST" duration-ms="0" status="PASS">
          <params>
            <param index="0">
              <value>
                <![CDATA[[TestResult name=verifyCheckAll status=SUCCESS method=WebOrder_ViewAllOrders_Test.verifyCheckAll()[pri:1, instance:com.webOrders.test.WebOrder_ViewAllOrders_Test@3b7d3a38] output={null}]]]>
              </value>
            </param>
          </params>
          <reporter-output>
          </reporter-output>
        </test-method> <!-- takeScreenshot -->
        <test-method signature="verifyUnCheckAll()[pri:2, instance:com.webOrders.test.WebOrder_ViewAllOrders_Test@3b7d3a38]" started-at="2025-03-07T15:10:30 IST" name="verifyUnCheckAll" description="Validate uncheck all button" finished-at="2025-03-07T15:10:31 IST" duration-ms="476" status="PASS">
          <reporter-output>
          </reporter-output>
        </test-method> <!-- verifyUnCheckAll -->
        <test-method is-config="true" signature="takeScreenshot(org.testng.ITestResult)[pri:0, instance:com.webOrders.test.WebOrder_ViewAllOrders_Test@3b7d3a38]" started-at="2025-03-07T15:10:31 IST" name="takeScreenshot" finished-at="2025-03-07T15:10:31 IST" duration-ms="1" status="PASS">
          <params>
            <param index="0">
              <value>
                <![CDATA[[TestResult name=verifyUnCheckAll status=SUCCESS method=WebOrder_ViewAllOrders_Test.verifyUnCheckAll()[pri:2, instance:com.webOrders.test.WebOrder_ViewAllOrders_Test@3b7d3a38] output={null}]]]>
              </value>
            </param>
          </params>
          <reporter-output>
          </reporter-output>
        </test-method> <!-- takeScreenshot -->
        <test-method signature="verifyDeleteOrder()[pri:3, instance:com.webOrders.test.WebOrder_ViewAllOrders_Test@3b7d3a38]" started-at="2025-03-07T15:10:31 IST" name="verifyDeleteOrder" description="Validate user can delete an order" finished-at="2025-03-07T15:10:32 IST" duration-ms="717" status="PASS">
          <reporter-output>
          </reporter-output>
        </test-method> <!-- verifyDeleteOrder -->
        <test-method is-config="true" signature="takeScreenshot(org.testng.ITestResult)[pri:0, instance:com.webOrders.test.WebOrder_ViewAllOrders_Test@3b7d3a38]" started-at="2025-03-07T15:10:32 IST" name="takeScreenshot" finished-at="2025-03-07T15:10:32 IST" duration-ms="0" status="PASS">
          <params>
            <param index="0">
              <value>
                <![CDATA[[TestResult name=verifyDeleteOrder status=SUCCESS method=WebOrder_ViewAllOrders_Test.verifyDeleteOrder()[pri:3, instance:com.webOrders.test.WebOrder_ViewAllOrders_Test@3b7d3a38] output={null}]]]>
              </value>
            </param>
          </params>
          <reporter-output>
          </reporter-output>
        </test-method> <!-- takeScreenshot -->
        <test-method signature="verifyEditOrder(java.lang.String,java.lang.String,java.lang.String,java.lang.String,java.lang.String,java.lang.String,java.lang.String,java.lang.String,java.lang.String,java.lang.String,java.lang.String)[pri:4, instance:com.webOrders.test.WebOrder_ViewAllOrders_Test@3b7d3a38]" started-at="2025-03-07T15:10:32 IST" name="verifyEditOrder" description="Validate user can edit an order" data-provider="Update Form" finished-at="2025-03-07T15:10:34 IST" duration-ms="2425" status="PASS">
          <params>
            <param index="0">
              <value>
                <![CDATA[MyMoney]]>
              </value>
            </param>
            <param index="1">
              <value>
                <![CDATA[5]]>
              </value>
            </param>
            <param index="2">
              <value>
                <![CDATA[Minh]]>
              </value>
            </param>
            <param index="3">
              <value>
                <![CDATA[123 Main St]]>
              </value>
            </param>
            <param index="4">
              <value>
                <![CDATA[Dallas]]>
              </value>
            </param>
            <param index="5">
              <value>
                <![CDATA[IL]]>
              </value>
            </param>
            <param index="6">
              <value>
                <![CDATA[75000]]>
              </value>
            </param>
            <param index="7">
              <value>
                <![CDATA[Visa]]>
              </value>
            </param>
            <param index="8">
              <value>
                <![CDATA[123456789]]>
              </value>
            </param>
            <param index="9">
              <value>
                <![CDATA[12/29]]>
              </value>
            </param>
            <param index="10">
              <value>
                <![CDATA[success]]>
              </value>
            </param>
          </params>
          <reporter-output>
          </reporter-output>
        </test-method> <!-- verifyEditOrder -->
        <test-method is-config="true" signature="takeScreenshot(org.testng.ITestResult)[pri:0, instance:com.webOrders.test.WebOrder_ViewAllOrders_Test@3b7d3a38]" started-at="2025-03-07T15:10:34 IST" name="takeScreenshot" finished-at="2025-03-07T15:10:34 IST" duration-ms="1" status="PASS">
          <params>
            <param index="0">
              <value>
                <![CDATA[[TestResult name=verifyEditOrder status=SUCCESS method=WebOrder_ViewAllOrders_Test.verifyEditOrder(java.lang.String,java.lang.String,java.lang.String,java.lang.String,java.lang.String,java.lang.String,java.lang.String,java.lang.String,java.lang.String,java.lang.String,java.lang.String)[pri:4, instance:com.webOrders.test.WebOrder_ViewAllOrders_Test@3b7d3a38] output={null}]]]>
              </value>
            </param>
          </params>
          <reporter-output>
          </reporter-output>
        </test-method> <!-- takeScreenshot -->
        <test-method signature="verifyEditOrder(java.lang.String,java.lang.String,java.lang.String,java.lang.String,java.lang.String,java.lang.String,java.lang.String,java.lang.String,java.lang.String,java.lang.String,java.lang.String)[pri:4, instance:com.webOrders.test.WebOrder_ViewAllOrders_Test@3b7d3a38]" started-at="2025-03-07T15:10:34 IST" name="verifyEditOrder" description="Validate user can edit an order" data-provider="Update Form" finished-at="2025-03-07T15:10:37 IST" duration-ms="2149" status="PASS">
          <params>
            <param index="0">
              <value>
                <![CDATA[MyMoney]]>
              </value>
            </param>
            <param index="1">
              <value>
                <![CDATA[5]]>
              </value>
            </param>
            <param index="2">
              <value>
                <![CDATA[Nguyen]]>
              </value>
            </param>
            <param index="3">
              <value>
                <![CDATA[123 Main St]]>
              </value>
            </param>
            <param index="4">
              <value>
                <![CDATA[Dallas]]>
              </value>
            </param>
            <param index="5">
              <value>
                <![CDATA[IL]]>
              </value>
            </param>
            <param index="6">
              <value>
                <![CDATA[75000]]>
              </value>
            </param>
            <param index="7">
              <value>
                <![CDATA[MasterCard]]>
              </value>
            </param>
            <param index="8">
              <value>
                <![CDATA[123456789]]>
              </value>
            </param>
            <param index="9">
              <value>
                <![CDATA[11/29]]>
              </value>
            </param>
            <param index="10">
              <value>
                <![CDATA[success]]>
              </value>
            </param>
          </params>
          <reporter-output>
          </reporter-output>
        </test-method> <!-- verifyEditOrder -->
        <test-method is-config="true" signature="takeScreenshot(org.testng.ITestResult)[pri:0, instance:com.webOrders.test.WebOrder_ViewAllOrders_Test@3b7d3a38]" started-at="2025-03-07T15:10:37 IST" name="takeScreenshot" finished-at="2025-03-07T15:10:37 IST" duration-ms="0" status="PASS">
          <params>
            <param index="0">
              <value>
                <![CDATA[[TestResult name=verifyEditOrder status=SUCCESS method=WebOrder_ViewAllOrders_Test.verifyEditOrder(java.lang.String,java.lang.String,java.lang.String,java.lang.String,java.lang.String,java.lang.String,java.lang.String,java.lang.String,java.lang.String,java.lang.String,java.lang.String)[pri:4, instance:com.webOrders.test.WebOrder_ViewAllOrders_Test@3b7d3a38] output={null}]]]>
              </value>
            </param>
          </params>
          <reporter-output>
          </reporter-output>
        </test-method> <!-- takeScreenshot -->
        <test-method signature="verifyError(java.lang.String,java.lang.String,java.lang.String,java.lang.String,java.lang.String,java.lang.String,java.lang.String,java.lang.String,java.lang.String,java.lang.String,java.lang.String)[pri:5, instance:com.webOrders.test.WebOrder_ViewAllOrders_Test@3b7d3a38]" started-at="2025-03-07T15:10:37 IST" name="verifyError" description="Validate error is displayed while editing an order with invalid Data" data-provider="Update Order Form Error" finished-at="2025-03-07T15:10:38 IST" duration-ms="1142" status="PASS">
          <params>
            <param index="0">
              <value>
                <![CDATA[MyMoney]]>
              </value>
            </param>
            <param index="1">
              <value>
                <![CDATA[]]>
              </value>
            </param>
            <param index="2">
              <value>
                <![CDATA[Minh]]>
              </value>
            </param>
            <param index="3">
              <value>
                <![CDATA[123 Main St]]>
              </value>
            </param>
            <param index="4">
              <value>
                <![CDATA[Dallas]]>
              </value>
            </param>
            <param index="5">
              <value>
                <![CDATA[ABC]]>
              </value>
            </param>
            <param index="6">
              <value>
                <![CDATA[75000]]>
              </value>
            </param>
            <param index="7">
              <value>
                <![CDATA[Visa]]>
              </value>
            </param>
            <param index="8">
              <value>
                <![CDATA[123456789]]>
              </value>
            </param>
            <param index="9">
              <value>
                <![CDATA[12/29]]>
              </value>
            </param>
            <param index="10">
              <value>
                <![CDATA[empty_quantity]]>
              </value>
            </param>
          </params>
          <reporter-output>
          </reporter-output>
        </test-method> <!-- verifyError -->
        <test-method signature="verifyError(java.lang.String,java.lang.String,java.lang.String,java.lang.String,java.lang.String,java.lang.String,java.lang.String,java.lang.String,java.lang.String,java.lang.String,java.lang.String)[pri:5, instance:com.webOrders.test.WebOrder_ViewAllOrders_Test@3b7d3a38]" started-at="2025-03-07T15:10:38 IST" name="verifyError" description="Validate error is displayed while editing an order with invalid Data" data-provider="Update Order Form Error" finished-at="2025-03-07T15:10:39 IST" duration-ms="1165" status="PASS">
          <params>
            <param index="0">
              <value>
                <![CDATA[MyMoney]]>
              </value>
            </param>
            <param index="1">
              <value>
                <![CDATA[0]]>
              </value>
            </param>
            <param index="2">
              <value>
                <![CDATA[Minh]]>
              </value>
            </param>
            <param index="3">
              <value>
                <![CDATA[123 Main St]]>
              </value>
            </param>
            <param index="4">
              <value>
                <![CDATA[Dallas]]>
              </value>
            </param>
            <param index="5">
              <value>
                <![CDATA[ILA]]>
              </value>
            </param>
            <param index="6">
              <value>
                <![CDATA[75000]]>
              </value>
            </param>
            <param index="7">
              <value>
                <![CDATA[Visa]]>
              </value>
            </param>
            <param index="8">
              <value>
                <![CDATA[123456789]]>
              </value>
            </param>
            <param index="9">
              <value>
                <![CDATA[12/29]]>
              </value>
            </param>
            <param index="10">
              <value>
                <![CDATA[invalid_quantity]]>
              </value>
            </param>
          </params>
          <reporter-output>
          </reporter-output>
        </test-method> <!-- verifyError -->
        <test-method is-config="true" signature="takeScreenshot(org.testng.ITestResult)[pri:0, instance:com.webOrders.test.WebOrder_ViewAllOrders_Test@3b7d3a38]" started-at="2025-03-07T15:10:38 IST" name="takeScreenshot" finished-at="2025-03-07T15:10:38 IST" duration-ms="0" status="PASS">
          <params>
            <param index="0">
              <value>
                <![CDATA[[TestResult name=verifyError status=SUCCESS method=WebOrder_ViewAllOrders_Test.verifyError(java.lang.String,java.lang.String,java.lang.String,java.lang.String,java.lang.String,java.lang.String,java.lang.String,java.lang.String,java.lang.String,java.lang.String,java.lang.String)[pri:5, instance:com.webOrders.test.WebOrder_ViewAllOrders_Test@3b7d3a38] output={null}]]]>
              </value>
            </param>
          </params>
          <reporter-output>
          </reporter-output>
        </test-method> <!-- takeScreenshot -->
        <test-method is-config="true" signature="takeScreenshot(org.testng.ITestResult)[pri:0, instance:com.webOrders.test.WebOrder_ViewAllOrders_Test@3b7d3a38]" started-at="2025-03-07T15:10:39 IST" name="takeScreenshot" finished-at="2025-03-07T15:10:39 IST" duration-ms="0" status="PASS">
          <params>
            <param index="0">
              <value>
                <![CDATA[[TestResult name=verifyError status=SUCCESS method=WebOrder_ViewAllOrders_Test.verifyError(java.lang.String,java.lang.String,java.lang.String,java.lang.String,java.lang.String,java.lang.String,java.lang.String,java.lang.String,java.lang.String,java.lang.String,java.lang.String)[pri:5, instance:com.webOrders.test.WebOrder_ViewAllOrders_Test@3b7d3a38] output={null}]]]>
              </value>
            </param>
          </params>
          <reporter-output>
          </reporter-output>
        </test-method> <!-- takeScreenshot -->
        <test-method signature="verifyError(java.lang.String,java.lang.String,java.lang.String,java.lang.String,java.lang.String,java.lang.String,java.lang.String,java.lang.String,java.lang.String,java.lang.String,java.lang.String)[pri:5, instance:com.webOrders.test.WebOrder_ViewAllOrders_Test@3b7d3a38]" started-at="2025-03-07T15:10:39 IST" name="verifyError" description="Validate error is displayed while editing an order with invalid Data" data-provider="Update Order Form Error" finished-at="2025-03-07T15:10:41 IST" duration-ms="1239" status="PASS">
          <params>
            <param index="0">
              <value>
                <![CDATA[MyMoney]]>
              </value>
            </param>
            <param index="1">
              <value>
                <![CDATA[5]]>
              </value>
            </param>
            <param index="2">
              <value>
                <![CDATA[]]>
              </value>
            </param>
            <param index="3">
              <value>
                <![CDATA[123 Main St]]>
              </value>
            </param>
            <param index="4">
              <value>
                <![CDATA[Dallas]]>
              </value>
            </param>
            <param index="5">
              <value>
                <![CDATA[ILA]]>
              </value>
            </param>
            <param index="6">
              <value>
                <![CDATA[75000]]>
              </value>
            </param>
            <param index="7">
              <value>
                <![CDATA[Visa]]>
              </value>
            </param>
            <param index="8">
              <value>
                <![CDATA[123456789]]>
              </value>
            </param>
            <param index="9">
              <value>
                <![CDATA[12/29]]>
              </value>
            </param>
            <param index="10">
              <value>
                <![CDATA[empty_name]]>
              </value>
            </param>
          </params>
          <reporter-output>
          </reporter-output>
        </test-method> <!-- verifyError -->
        <test-method signature="verifyError(java.lang.String,java.lang.String,java.lang.String,java.lang.String,java.lang.String,java.lang.String,java.lang.String,java.lang.String,java.lang.String,java.lang.String,java.lang.String)[pri:5, instance:com.webOrders.test.WebOrder_ViewAllOrders_Test@3b7d3a38]" started-at="2025-03-07T15:10:41 IST" name="verifyError" description="Validate error is displayed while editing an order with invalid Data" data-provider="Update Order Form Error" finished-at="2025-03-07T15:10:42 IST" duration-ms="1190" status="PASS">
          <params>
            <param index="0">
              <value>
                <![CDATA[MyMoney]]>
              </value>
            </param>
            <param index="1">
              <value>
                <![CDATA[5]]>
              </value>
            </param>
            <param index="2">
              <value>
                <![CDATA[Minh]]>
              </value>
            </param>
            <param index="3">
              <value>
                <![CDATA[]]>
              </value>
            </param>
            <param index="4">
              <value>
                <![CDATA[Dallas]]>
              </value>
            </param>
            <param index="5">
              <value>
                <![CDATA[IL]]>
              </value>
            </param>
            <param index="6">
              <value>
                <![CDATA[75000]]>
              </value>
            </param>
            <param index="7">
              <value>
                <![CDATA[Visa]]>
              </value>
            </param>
            <param index="8">
              <value>
                <![CDATA[123456789]]>
              </value>
            </param>
            <param index="9">
              <value>
                <![CDATA[12/29]]>
              </value>
            </param>
            <param index="10">
              <value>
                <![CDATA[empty_street]]>
              </value>
            </param>
          </params>
          <reporter-output>
          </reporter-output>
        </test-method> <!-- verifyError -->
        <test-method is-config="true" signature="takeScreenshot(org.testng.ITestResult)[pri:0, instance:com.webOrders.test.WebOrder_ViewAllOrders_Test@3b7d3a38]" started-at="2025-03-07T15:10:41 IST" name="takeScreenshot" finished-at="2025-03-07T15:10:41 IST" duration-ms="0" status="PASS">
          <params>
            <param index="0">
              <value>
                <![CDATA[[TestResult name=verifyError status=SUCCESS method=WebOrder_ViewAllOrders_Test.verifyError(java.lang.String,java.lang.String,java.lang.String,java.lang.String,java.lang.String,java.lang.String,java.lang.String,java.lang.String,java.lang.String,java.lang.String,java.lang.String)[pri:5, instance:com.webOrders.test.WebOrder_ViewAllOrders_Test@3b7d3a38] output={null}]]]>
              </value>
            </param>
          </params>
          <reporter-output>
          </reporter-output>
        </test-method> <!-- takeScreenshot -->
        <test-method is-config="true" signature="takeScreenshot(org.testng.ITestResult)[pri:0, instance:com.webOrders.test.WebOrder_ViewAllOrders_Test@3b7d3a38]" started-at="2025-03-07T15:10:42 IST" name="takeScreenshot" finished-at="2025-03-07T15:10:42 IST" duration-ms="0" status="PASS">
          <params>
            <param index="0">
              <value>
                <![CDATA[[TestResult name=verifyError status=SUCCESS method=WebOrder_ViewAllOrders_Test.verifyError(java.lang.String,java.lang.String,java.lang.String,java.lang.String,java.lang.String,java.lang.String,java.lang.String,java.lang.String,java.lang.String,java.lang.String,java.lang.String)[pri:5, instance:com.webOrders.test.WebOrder_ViewAllOrders_Test@3b7d3a38] output={null}]]]>
              </value>
            </param>
          </params>
          <reporter-output>
          </reporter-output>
        </test-method> <!-- takeScreenshot -->
        <test-method signature="verifyError(java.lang.String,java.lang.String,java.lang.String,java.lang.String,java.lang.String,java.lang.String,java.lang.String,java.lang.String,java.lang.String,java.lang.String,java.lang.String)[pri:5, instance:com.webOrders.test.WebOrder_ViewAllOrders_Test@3b7d3a38]" started-at="2025-03-07T15:10:42 IST" name="verifyError" description="Validate error is displayed while editing an order with invalid Data" data-provider="Update Order Form Error" finished-at="2025-03-07T15:10:43 IST" duration-ms="1024" status="PASS">
          <params>
            <param index="0">
              <value>
                <![CDATA[MyMoney]]>
              </value>
            </param>
            <param index="1">
              <value>
                <![CDATA[5]]>
              </value>
            </param>
            <param index="2">
              <value>
                <![CDATA[Minh]]>
              </value>
            </param>
            <param index="3">
              <value>
                <![CDATA[123 Main St]]>
              </value>
            </param>
            <param index="4">
              <value>
                <![CDATA[]]>
              </value>
            </param>
            <param index="5">
              <value>
                <![CDATA[IL]]>
              </value>
            </param>
            <param index="6">
              <value>
                <![CDATA[75000]]>
              </value>
            </param>
            <param index="7">
              <value>
                <![CDATA[Visa]]>
              </value>
            </param>
            <param index="8">
              <value>
                <![CDATA[123456789]]>
              </value>
            </param>
            <param index="9">
              <value>
                <![CDATA[12/29]]>
              </value>
            </param>
            <param index="10">
              <value>
                <![CDATA[empty_city]]>
              </value>
            </param>
          </params>
          <reporter-output>
          </reporter-output>
        </test-method> <!-- verifyError -->
        <test-method is-config="true" signature="takeScreenshot(org.testng.ITestResult)[pri:0, instance:com.webOrders.test.WebOrder_ViewAllOrders_Test@3b7d3a38]" started-at="2025-03-07T15:10:43 IST" name="takeScreenshot" finished-at="2025-03-07T15:10:43 IST" duration-ms="1" status="PASS">
          <params>
            <param index="0">
              <value>
                <![CDATA[[TestResult name=verifyError status=SUCCESS method=WebOrder_ViewAllOrders_Test.verifyError(java.lang.String,java.lang.String,java.lang.String,java.lang.String,java.lang.String,java.lang.String,java.lang.String,java.lang.String,java.lang.String,java.lang.String,java.lang.String)[pri:5, instance:com.webOrders.test.WebOrder_ViewAllOrders_Test@3b7d3a38] output={null}]]]>
              </value>
            </param>
          </params>
          <reporter-output>
          </reporter-output>
        </test-method> <!-- takeScreenshot -->
        <test-method signature="verifyError(java.lang.String,java.lang.String,java.lang.String,java.lang.String,java.lang.String,java.lang.String,java.lang.String,java.lang.String,java.lang.String,java.lang.String,java.lang.String)[pri:5, instance:com.webOrders.test.WebOrder_ViewAllOrders_Test@3b7d3a38]" started-at="2025-03-07T15:10:43 IST" name="verifyError" description="Validate error is displayed while editing an order with invalid Data" data-provider="Update Order Form Error" finished-at="2025-03-07T15:10:44 IST" duration-ms="1076" status="PASS">
          <params>
            <param index="0">
              <value>
                <![CDATA[MyMoney]]>
              </value>
            </param>
            <param index="1">
              <value>
                <![CDATA[5]]>
              </value>
            </param>
            <param index="2">
              <value>
                <![CDATA[Minh]]>
              </value>
            </param>
            <param index="3">
              <value>
                <![CDATA[123 Main St]]>
              </value>
            </param>
            <param index="4">
              <value>
                <![CDATA[Dallas]]>
              </value>
            </param>
            <param index="5">
              <value>
                <![CDATA[IL]]>
              </value>
            </param>
            <param index="6">
              <value>
                <![CDATA[]]>
              </value>
            </param>
            <param index="7">
              <value>
                <![CDATA[Visa]]>
              </value>
            </param>
            <param index="8">
              <value>
                <![CDATA[123456789]]>
              </value>
            </param>
            <param index="9">
              <value>
                <![CDATA[12/29]]>
              </value>
            </param>
            <param index="10">
              <value>
                <![CDATA[empty_zip]]>
              </value>
            </param>
          </params>
          <reporter-output>
          </reporter-output>
        </test-method> <!-- verifyError -->
        <test-method is-config="true" signature="takeScreenshot(org.testng.ITestResult)[pri:0, instance:com.webOrders.test.WebOrder_ViewAllOrders_Test@3b7d3a38]" started-at="2025-03-07T15:10:45 IST" name="takeScreenshot" finished-at="2025-03-07T15:10:45 IST" duration-ms="0" status="PASS">
          <params>
            <param index="0">
              <value>
                <![CDATA[[TestResult name=verifyError status=SUCCESS method=WebOrder_ViewAllOrders_Test.verifyError(java.lang.String,java.lang.String,java.lang.String,java.lang.String,java.lang.String,java.lang.String,java.lang.String,java.lang.String,java.lang.String,java.lang.String,java.lang.String)[pri:5, instance:com.webOrders.test.WebOrder_ViewAllOrders_Test@3b7d3a38] output={null}]]]>
              </value>
            </param>
          </params>
          <reporter-output>
          </reporter-output>
        </test-method> <!-- takeScreenshot -->
        <test-method signature="verifyError(java.lang.String,java.lang.String,java.lang.String,java.lang.String,java.lang.String,java.lang.String,java.lang.String,java.lang.String,java.lang.String,java.lang.String,java.lang.String)[pri:5, instance:com.webOrders.test.WebOrder_ViewAllOrders_Test@3b7d3a38]" started-at="2025-03-07T15:10:45 IST" name="verifyError" description="Validate error is displayed while editing an order with invalid Data" data-provider="Update Order Form Error" finished-at="2025-03-07T15:10:46 IST" duration-ms="1109" status="PASS">
          <params>
            <param index="0">
              <value>
                <![CDATA[MyMoney]]>
              </value>
            </param>
            <param index="1">
              <value>
                <![CDATA[5]]>
              </value>
            </param>
            <param index="2">
              <value>
                <![CDATA[Minh]]>
              </value>
            </param>
            <param index="3">
              <value>
                <![CDATA[123 Main St]]>
              </value>
            </param>
            <param index="4">
              <value>
                <![CDATA[Dallas]]>
              </value>
            </param>
            <param index="5">
              <value>
                <![CDATA[IL]]>
              </value>
            </param>
            <param index="6">
              <value>
                <![CDATA[abcde]]>
              </value>
            </param>
            <param index="7">
              <value>
                <![CDATA[Visa]]>
              </value>
            </param>
            <param index="8">
              <value>
                <![CDATA[123456789]]>
              </value>
            </param>
            <param index="9">
              <value>
                <![CDATA[12/29]]>
              </value>
            </param>
            <param index="10">
              <value>
                <![CDATA[invalid_zip]]>
              </value>
            </param>
          </params>
          <reporter-output>
          </reporter-output>
        </test-method> <!-- verifyError -->
        <test-method is-config="true" signature="takeScreenshot(org.testng.ITestResult)[pri:0, instance:com.webOrders.test.WebOrder_ViewAllOrders_Test@3b7d3a38]" started-at="2025-03-07T15:10:46 IST" name="takeScreenshot" finished-at="2025-03-07T15:10:46 IST" duration-ms="0" status="PASS">
          <params>
            <param index="0">
              <value>
                <![CDATA[[TestResult name=verifyError status=SUCCESS method=WebOrder_ViewAllOrders_Test.verifyError(java.lang.String,java.lang.String,java.lang.String,java.lang.String,java.lang.String,java.lang.String,java.lang.String,java.lang.String,java.lang.String,java.lang.String,java.lang.String)[pri:5, instance:com.webOrders.test.WebOrder_ViewAllOrders_Test@3b7d3a38] output={null}]]]>
              </value>
            </param>
          </params>
          <reporter-output>
          </reporter-output>
        </test-method> <!-- takeScreenshot -->
        <test-method signature="verifyError(java.lang.String,java.lang.String,java.lang.String,java.lang.String,java.lang.String,java.lang.String,java.lang.String,java.lang.String,java.lang.String,java.lang.String,java.lang.String)[pri:5, instance:com.webOrders.test.WebOrder_ViewAllOrders_Test@3b7d3a38]" started-at="2025-03-07T15:10:46 IST" name="verifyError" description="Validate error is displayed while editing an order with invalid Data" data-provider="Update Order Form Error" finished-at="2025-03-07T15:10:47 IST" duration-ms="1207" status="PASS">
          <params>
            <param index="0">
              <value>
                <![CDATA[MyMoney]]>
              </value>
            </param>
            <param index="1">
              <value>
                <![CDATA[5]]>
              </value>
            </param>
            <param index="2">
              <value>
                <![CDATA[Minh]]>
              </value>
            </param>
            <param index="3">
              <value>
                <![CDATA[123 Main St]]>
              </value>
            </param>
            <param index="4">
              <value>
                <![CDATA[Dallas]]>
              </value>
            </param>
            <param index="5">
              <value>
                <![CDATA[IL]]>
              </value>
            </param>
            <param index="6">
              <value>
                <![CDATA[75000]]>
              </value>
            </param>
            <param index="7">
              <value>
                <![CDATA[Visa]]>
              </value>
            </param>
            <param index="8">
              <value>
                <![CDATA[]]>
              </value>
            </param>
            <param index="9">
              <value>
                <![CDATA[12/29]]>
              </value>
            </param>
            <param index="10">
              <value>
                <![CDATA[empty_cardnr]]>
              </value>
            </param>
          </params>
          <reporter-output>
          </reporter-output>
        </test-method> <!-- verifyError -->
        <test-method signature="verifyError(java.lang.String,java.lang.String,java.lang.String,java.lang.String,java.lang.String,java.lang.String,java.lang.String,java.lang.String,java.lang.String,java.lang.String,java.lang.String)[pri:5, instance:com.webOrders.test.WebOrder_ViewAllOrders_Test@3b7d3a38]" started-at="2025-03-07T15:10:47 IST" name="verifyError" description="Validate error is displayed while editing an order with invalid Data" data-provider="Update Order Form Error" finished-at="2025-03-07T15:10:48 IST" duration-ms="1236" status="PASS">
          <params>
            <param index="0">
              <value>
                <![CDATA[MyMoney]]>
              </value>
            </param>
            <param index="1">
              <value>
                <![CDATA[5]]>
              </value>
            </param>
            <param index="2">
              <value>
                <![CDATA[Minh]]>
              </value>
            </param>
            <param index="3">
              <value>
                <![CDATA[123 Main St]]>
              </value>
            </param>
            <param index="4">
              <value>
                <![CDATA[Dallas]]>
              </value>
            </param>
            <param index="5">
              <value>
                <![CDATA[IL]]>
              </value>
            </param>
            <param index="6">
              <value>
                <![CDATA[75000]]>
              </value>
            </param>
            <param index="7">
              <value>
                <![CDATA[Visa]]>
              </value>
            </param>
            <param index="8">
              <value>
                <![CDATA[abcdef]]>
              </value>
            </param>
            <param index="9">
              <value>
                <![CDATA[12/29]]>
              </value>
            </param>
            <param index="10">
              <value>
                <![CDATA[invalid_cardnr]]>
              </value>
            </param>
          </params>
          <reporter-output>
          </reporter-output>
        </test-method> <!-- verifyError -->
        <test-method is-config="true" signature="takeScreenshot(org.testng.ITestResult)[pri:0, instance:com.webOrders.test.WebOrder_ViewAllOrders_Test@3b7d3a38]" started-at="2025-03-07T15:10:47 IST" name="takeScreenshot" finished-at="2025-03-07T15:10:47 IST" duration-ms="0" status="PASS">
          <params>
            <param index="0">
              <value>
                <![CDATA[[TestResult name=verifyError status=SUCCESS method=WebOrder_ViewAllOrders_Test.verifyError(java.lang.String,java.lang.String,java.lang.String,java.lang.String,java.lang.String,java.lang.String,java.lang.String,java.lang.String,java.lang.String,java.lang.String,java.lang.String)[pri:5, instance:com.webOrders.test.WebOrder_ViewAllOrders_Test@3b7d3a38] output={null}]]]>
              </value>
            </param>
          </params>
          <reporter-output>
          </reporter-output>
        </test-method> <!-- takeScreenshot -->
        <test-method signature="verifyError(java.lang.String,java.lang.String,java.lang.String,java.lang.String,java.lang.String,java.lang.String,java.lang.String,java.lang.String,java.lang.String,java.lang.String,java.lang.String)[pri:5, instance:com.webOrders.test.WebOrder_ViewAllOrders_Test@3b7d3a38]" started-at="2025-03-07T15:10:48 IST" name="verifyError" description="Validate error is displayed while editing an order with invalid Data" data-provider="Update Order Form Error" finished-at="2025-03-07T15:10:50 IST" duration-ms="1215" status="PASS">
          <params>
            <param index="0">
              <value>
                <![CDATA[MyMoney]]>
              </value>
            </param>
            <param index="1">
              <value>
                <![CDATA[5]]>
              </value>
            </param>
            <param index="2">
              <value>
                <![CDATA[Minh]]>
              </value>
            </param>
            <param index="3">
              <value>
                <![CDATA[123 Main St]]>
              </value>
            </param>
            <param index="4">
              <value>
                <![CDATA[Dallas]]>
              </value>
            </param>
            <param index="5">
              <value>
                <![CDATA[IL]]>
              </value>
            </param>
            <param index="6">
              <value>
                <![CDATA[75000]]>
              </value>
            </param>
            <param index="7">
              <value>
                <![CDATA[Visa]]>
              </value>
            </param>
            <param index="8">
              <value>
                <![CDATA[123456789]]>
              </value>
            </param>
            <param index="9">
              <value>
                <![CDATA[]]>
              </value>
            </param>
            <param index="10">
              <value>
                <![CDATA[empty_expdate]]>
              </value>
            </param>
          </params>
          <reporter-output>
          </reporter-output>
        </test-method> <!-- verifyError -->
        <test-method is-config="true" signature="takeScreenshot(org.testng.ITestResult)[pri:0, instance:com.webOrders.test.WebOrder_ViewAllOrders_Test@3b7d3a38]" started-at="2025-03-07T15:10:48 IST" name="takeScreenshot" finished-at="2025-03-07T15:10:48 IST" duration-ms="0" status="PASS">
          <params>
            <param index="0">
              <value>
                <![CDATA[[TestResult name=verifyError status=SUCCESS method=WebOrder_ViewAllOrders_Test.verifyError(java.lang.String,java.lang.String,java.lang.String,java.lang.String,java.lang.String,java.lang.String,java.lang.String,java.lang.String,java.lang.String,java.lang.String,java.lang.String)[pri:5, instance:com.webOrders.test.WebOrder_ViewAllOrders_Test@3b7d3a38] output={null}]]]>
              </value>
            </param>
          </params>
          <reporter-output>
          </reporter-output>
        </test-method> <!-- takeScreenshot -->
        <test-method signature="verifyError(java.lang.String,java.lang.String,java.lang.String,java.lang.String,java.lang.String,java.lang.String,java.lang.String,java.lang.String,java.lang.String,java.lang.String,java.lang.String)[pri:5, instance:com.webOrders.test.WebOrder_ViewAllOrders_Test@3b7d3a38]" started-at="2025-03-07T15:10:50 IST" name="verifyError" description="Validate error is displayed while editing an order with invalid Data" data-provider="Update Order Form Error" finished-at="2025-03-07T15:10:51 IST" duration-ms="1016" status="PASS">
          <params>
            <param index="0">
              <value>
                <![CDATA[MyMoney]]>
              </value>
            </param>
            <param index="1">
              <value>
                <![CDATA[5]]>
              </value>
            </param>
            <param index="2">
              <value>
                <![CDATA[Minh]]>
              </value>
            </param>
            <param index="3">
              <value>
                <![CDATA[123 Main St]]>
              </value>
            </param>
            <param index="4">
              <value>
                <![CDATA[Dallas]]>
              </value>
            </param>
            <param index="5">
              <value>
                <![CDATA[IL]]>
              </value>
            </param>
            <param index="6">
              <value>
                <![CDATA[75000]]>
              </value>
            </param>
            <param index="7">
              <value>
                <![CDATA[Visa]]>
              </value>
            </param>
            <param index="8">
              <value>
                <![CDATA[123456789]]>
              </value>
            </param>
            <param index="9">
              <value>
                <![CDATA[abcdef]]>
              </value>
            </param>
            <param index="10">
              <value>
                <![CDATA[invalid_date]]>
              </value>
            </param>
          </params>
          <reporter-output>
          </reporter-output>
        </test-method> <!-- verifyError -->
        <test-method is-config="true" signature="takeScreenshot(org.testng.ITestResult)[pri:0, instance:com.webOrders.test.WebOrder_ViewAllOrders_Test@3b7d3a38]" started-at="2025-03-07T15:10:50 IST" name="takeScreenshot" finished-at="2025-03-07T15:10:50 IST" duration-ms="0" status="PASS">
          <params>
            <param index="0">
              <value>
                <![CDATA[[TestResult name=verifyError status=SUCCESS method=WebOrder_ViewAllOrders_Test.verifyError(java.lang.String,java.lang.String,java.lang.String,java.lang.String,java.lang.String,java.lang.String,java.lang.String,java.lang.String,java.lang.String,java.lang.String,java.lang.String)[pri:5, instance:com.webOrders.test.WebOrder_ViewAllOrders_Test@3b7d3a38] output={null}]]]>
              </value>
            </param>
          </params>
          <reporter-output>
          </reporter-output>
        </test-method> <!-- takeScreenshot -->
        <test-method is-config="true" signature="takeScreenshot(org.testng.ITestResult)[pri:0, instance:com.webOrders.test.WebOrder_ViewAllOrders_Test@3b7d3a38]" started-at="2025-03-07T15:10:51 IST" name="takeScreenshot" finished-at="2025-03-07T15:10:51 IST" duration-ms="0" status="PASS">
          <params>
            <param index="0">
              <value>
                <![CDATA[[TestResult name=verifyError status=SUCCESS method=WebOrder_ViewAllOrders_Test.verifyError(java.lang.String,java.lang.String,java.lang.String,java.lang.String,java.lang.String,java.lang.String,java.lang.String,java.lang.String,java.lang.String,java.lang.String,java.lang.String)[pri:5, instance:com.webOrders.test.WebOrder_ViewAllOrders_Test@3b7d3a38] output={null}]]]>
              </value>
            </param>
          </params>
          <reporter-output>
          </reporter-output>
        </test-method> <!-- takeScreenshot -->
        <test-method signature="verifyError(java.lang.String,java.lang.String,java.lang.String,java.lang.String,java.lang.String,java.lang.String,java.lang.String,java.lang.String,java.lang.String,java.lang.String,java.lang.String)[pri:5, instance:com.webOrders.test.WebOrder_ViewAllOrders_Test@3b7d3a38]" started-at="2025-03-07T15:10:51 IST" name="verifyError" description="Validate error is displayed while editing an order with invalid Data" data-provider="Update Order Form Error" finished-at="2025-03-07T15:10:52 IST" duration-ms="1047" status="PASS">
          <params>
            <param index="0">
              <value>
                <![CDATA[MyMoney]]>
              </value>
            </param>
            <param index="1">
              <value>
                <![CDATA[5]]>
              </value>
            </param>
            <param index="2">
              <value>
                <![CDATA[Minh]]>
              </value>
            </param>
            <param index="3">
              <value>
                <![CDATA[123 Main St]]>
              </value>
            </param>
            <param index="4">
              <value>
                <![CDATA[Dallas]]>
              </value>
            </param>
            <param index="5">
              <value>
                <![CDATA[IL]]>
              </value>
            </param>
            <param index="6">
              <value>
                <![CDATA[75000]]>
              </value>
            </param>
            <param index="7">
              <value>
                <![CDATA[Visa]]>
              </value>
            </param>
            <param index="8">
              <value>
                <![CDATA[123456789]]>
              </value>
            </param>
            <param index="9">
              <value>
                <![CDATA[12-23]]>
              </value>
            </param>
            <param index="10">
              <value>
                <![CDATA[invalid_date]]>
              </value>
            </param>
          </params>
          <reporter-output>
          </reporter-output>
        </test-method> <!-- verifyError -->
        <test-method is-config="true" signature="takeScreenshot(org.testng.ITestResult)[pri:0, instance:com.webOrders.test.WebOrder_ViewAllOrders_Test@3b7d3a38]" started-at="2025-03-07T15:10:52 IST" name="takeScreenshot" finished-at="2025-03-07T15:10:52 IST" duration-ms="0" status="PASS">
          <params>
            <param index="0">
              <value>
                <![CDATA[[TestResult name=verifyError status=SUCCESS method=WebOrder_ViewAllOrders_Test.verifyError(java.lang.String,java.lang.String,java.lang.String,java.lang.String,java.lang.String,java.lang.String,java.lang.String,java.lang.String,java.lang.String,java.lang.String,java.lang.String)[pri:5, instance:com.webOrders.test.WebOrder_ViewAllOrders_Test@3b7d3a38] output={null}]]]>
              </value>
            </param>
          </params>
          <reporter-output>
          </reporter-output>
        </test-method> <!-- takeScreenshot -->
        <test-method is-config="true" signature="tearDown()[pri:0, instance:com.webOrders.test.WebOrder_ViewAllOrders_Test@3b7d3a38]" started-at="2025-03-07T15:10:52 IST" name="tearDown" finished-at="2025-03-07T15:10:53 IST" duration-ms="1227" status="PASS">
          <reporter-output>
          </reporter-output>
        </test-method> <!-- tearDown -->
      </class> <!-- com.webOrders.test.WebOrder_ViewAllOrders_Test -->
      <class name="com.webOrders.test.WebOrders_Login">
        <test-method is-config="true" signature="SetUp(java.lang.String)[pri:0, instance:com.webOrders.test.WebOrders_Login@74589991]" started-at="2025-03-07T15:08:08 IST" name="SetUp" finished-at="2025-03-07T15:08:08 IST" duration-ms="8" status="PASS">
          <params>
            <param index="0">
              <value>
                <![CDATA[chrome]]>
              </value>
            </param>
          </params>
          <reporter-output>
          </reporter-output>
        </test-method> <!-- SetUp -->
        <test-method is-config="true" signature="initializeTestBaseSetup(java.lang.String,java.lang.String)[pri:0, instance:com.webOrders.test.WebOrders_Login@74589991]" started-at="2025-03-07T15:08:08 IST" name="initializeTestBaseSetup" finished-at="2025-03-07T15:08:12 IST" duration-ms="3834" status="PASS">
          <params>
            <param index="0">
              <value>
                <![CDATA[chrome]]>
              </value>
            </param>
            <param index="1">
              <value>
                <![CDATA[http://secure.smartbearsoftware.com/samples/TestComplete11/WebOrders/Login.aspx?ReturnUrl=%2fsamples%2fTestComplete11%2fWebOrders%2fDefault.aspx]]>
              </value>
            </param>
          </params>
          <reporter-output>
          </reporter-output>
        </test-method> <!-- initializeTestBaseSetup -->
        <test-method is-config="true" signature="setUp()[pri:0, instance:com.webOrders.test.WebOrders_Login@74589991]" started-at="2025-03-07T15:08:12 IST" name="setUp" finished-at="2025-03-07T15:08:12 IST" duration-ms="32" status="PASS">
          <reporter-output>
          </reporter-output>
        </test-method> <!-- setUp -->
        <test-method signature="loginTest()[pri:1, instance:com.webOrders.test.WebOrders_Login@74589991]" started-at="2025-03-07T15:08:12 IST" name="loginTest" description="Login and validate the WebOrder Homepage Text" finished-at="2025-03-07T15:08:21 IST" duration-ms="9089" status="PASS">
          <reporter-output>
          </reporter-output>
        </test-method> <!-- loginTest -->
        <test-method is-config="true" signature="takeScreenshot(org.testng.ITestResult)[pri:0, instance:com.webOrders.test.WebOrders_Login@74589991]" started-at="2025-03-07T15:08:21 IST" name="takeScreenshot" finished-at="2025-03-07T15:08:21 IST" duration-ms="4" status="PASS">
          <params>
            <param index="0">
              <value>
                <![CDATA[[TestResult name=loginTest status=SUCCESS method=WebOrders_Login.loginTest()[pri:1, instance:com.webOrders.test.WebOrders_Login@74589991] output={null}]]]>
              </value>
            </param>
          </params>
          <reporter-output>
          </reporter-output>
        </test-method> <!-- takeScreenshot -->
        <test-method signature="urlTest()[pri:2, instance:com.webOrders.test.WebOrders_Login@74589991]" started-at="2025-03-07T15:08:21 IST" name="urlTest" description="validateURL() method call for URL verification" finished-at="2025-03-07T15:08:30 IST" duration-ms="8542" status="PASS">
          <reporter-output>
          </reporter-output>
        </test-method> <!-- urlTest -->
        <test-method is-config="true" signature="takeScreenshot(org.testng.ITestResult)[pri:0, instance:com.webOrders.test.WebOrders_Login@74589991]" started-at="2025-03-07T15:08:30 IST" name="takeScreenshot" finished-at="2025-03-07T15:08:30 IST" duration-ms="1" status="PASS">
          <params>
            <param index="0">
              <value>
                <![CDATA[[TestResult name=urlTest status=SUCCESS method=WebOrders_Login.urlTest()[pri:2, instance:com.webOrders.test.WebOrders_Login@74589991] output={null}]]]>
              </value>
            </param>
          </params>
          <reporter-output>
          </reporter-output>
        </test-method> <!-- takeScreenshot -->
        <test-method signature="verifyText()[pri:3, instance:com.webOrders.test.WebOrders_Login@74589991]" started-at="2025-03-07T15:08:30 IST" name="verifyText" description="validateURL() method call for URL verification" finished-at="2025-03-07T15:08:38 IST" duration-ms="8217" status="PASS">
          <reporter-output>
          </reporter-output>
        </test-method> <!-- verifyText -->
        <test-method is-config="true" signature="takeScreenshot(org.testng.ITestResult)[pri:0, instance:com.webOrders.test.WebOrders_Login@74589991]" started-at="2025-03-07T15:08:38 IST" name="takeScreenshot" finished-at="2025-03-07T15:08:38 IST" duration-ms="0" status="PASS">
          <params>
            <param index="0">
              <value>
                <![CDATA[[TestResult name=verifyText status=SUCCESS method=WebOrders_Login.verifyText()[pri:3, instance:com.webOrders.test.WebOrders_Login@74589991] output={null}]]]>
              </value>
            </param>
          </params>
          <reporter-output>
          </reporter-output>
        </test-method> <!-- takeScreenshot -->
        <test-method is-config="true" signature="tearDown()[pri:0, instance:com.webOrders.test.WebOrders_Login@74589991]" started-at="2025-03-07T15:08:38 IST" name="tearDown" finished-at="2025-03-07T15:08:40 IST" duration-ms="1721" status="PASS">
          <reporter-output>
          </reporter-output>
        </test-method> <!-- tearDown -->
      </class> <!-- com.webOrders.test.WebOrders_Login -->
    </test> <!-- test-1 -->
  </suite> <!-- WebOrder Page Object Model TestNGDemo -->
</testng-results>
